#
# There is insufficient memory for the Java Runtime Environment to continue.
# Native memory allocation (mmap) failed to map 264241152 bytes. Error detail: G1 virtual space
# Possible reasons:
#   The system is out of physical RAM or swap space
#   This process is running with CompressedOops enabled, and the Java Heap may be blocking the growth of the native heap
# Possible solutions:
#   Reduce memory load on the system
#   Increase physical memory or swap space
#   Check if swap backing store is full
#   Decrease Java heap size (-Xmx/-Xms)
#   Decrease number of Java threads
#   Decrease Java thread stack sizes (-Xss)
#   Set larger code cache with -XX:ReservedCodeCacheSize=
#   JVM is running with Unscaled Compressed Oops mode in which the Java heap is
#     placed in the first 4GB address space. The Java Heap base address is the
#     maximum limit for the native heap growth. Please use -XX:HeapBaseMinAddress
#     to set the Java Heap base and to place the Java Heap above 4GB virtual address.
# This output file may be truncated or incomplete.
#
#  Out of Memory Error (os_windows.cpp:3830), pid=33224, tid=32948
#
# JRE version: OpenJDK Runtime Environment JBR-17.0.14+1-1367.22-nomod (17.0.14+1) (build 17.0.14+1-b1367.22)
# Java VM: OpenJDK 64-Bit Server VM JBR-17.0.14+1-1367.22-nomod (17.0.14+1-b1367.22, mixed mode, emulated-client, sharing, tiered, compressed oops, compressed class ptrs, g1 gc, windows-amd64)
# No core dump will be written. Minidumps are not enabled by default on client versions of Windows
#

---------------  S U M M A R Y ------------

Command Line: -XX:TieredStopAtLevel=1 -Dspring.output.ansi.enabled=always -Dcom.sun.management.jmxremote -Dspring.jmx.enabled=true -Dspring.liveBeansView.mbeanDomain -Dspring.application.admin.enabled=true -Dmanagement.endpoints.jmx.exposure.include=* -javaagent:C:\Program Files\JetBrains\IntelliJ IDEA 2025.2.2\lib\idea_rt.jar=56671 -Dfile.encoding=UTF-8 tn.esprit.ruya.RUyaApplication

Host: Intel(R) Core(TM) i5-10300H CPU @ 2.50GHz, 8 cores, 7G,  Windows 11 , 64 bit Build 26100 (10.0.26100.6725)
Time: Tue Nov  4 14:09:22 2025 Paris, Madrid elapsed time: 273.136039 seconds (0d 0h 4m 33s)

---------------  T H R E A D  ---------------

Current thread (0x0000020b8f743d00):  VMThread "VM Thread" [stack: 0x000000e36cd00000,0x000000e36ce00000] [id=32948]

Stack: [0x000000e36cd00000,0x000000e36ce00000]
Native frames: (J=compiled Java code, j=interpreted, Vv=VM code, C=native code)
V  [jvm.dll+0x68b969]  os::platform_print_native_stack+0xd9  (os_windows_x86.cpp:235)
V  [jvm.dll+0x84572a]  VMError::report+0xc6a  (vmError.cpp:868)
V  [jvm.dll+0x8473ae]  VMError::report_and_die+0x78e  (vmError.cpp:1766)
V  [jvm.dll+0x847a13]  VMError::report_and_die+0x43  (vmError.cpp:1552)
V  [jvm.dll+0x24a83f]  report_vm_out_of_memory+0x8f  (debug.cpp:321)
V  [jvm.dll+0x688629]  os::pd_commit_memory_or_exit+0xc9  (os_windows.cpp:3838)
V  [jvm.dll+0x67cf3a]  os::commit_memory_or_exit+0x2a  (os.cpp:1768)
V  [jvm.dll+0x30b83b]  G1PageBasedVirtualSpace::commit+0x19b  (g1PageBasedVirtualSpace.cpp:204)
V  [jvm.dll+0x312d26]  G1RegionsLargerThanCommitSizeMapper::commit_regions+0x96  (g1RegionToSpaceMapper.cpp:100)
V  [jvm.dll+0x3630fe]  HeapRegionManager::expand_any+0xee  (heapRegionManager.cpp:363)
V  [jvm.dll+0x36333f]  HeapRegionManager::expand_by+0x7f  (heapRegionManager.cpp:380)
V  [jvm.dll+0x2e18cc]  G1CollectedHeap::expand+0xbc  (g1CollectedHeap.cpp:1292)
V  [jvm.dll+0x2dfc8f]  G1CollectedHeap::do_collection_pause_at_safepoint_helper+0x8bf  (g1CollectedHeap.cpp:3094)
V  [jvm.dll+0x2df3bc]  G1CollectedHeap::do_collection_pause_at_safepoint+0x5c  (g1CollectedHeap.cpp:2898)
V  [jvm.dll+0x323a7b]  VM_G1CollectForAllocation::doit+0x6b  (g1VMOperations.cpp:147)
V  [jvm.dll+0x84c11d]  VM_Operation::evaluate+0xfd  (vmOperations.cpp:73)
V  [jvm.dll+0x84ce62]  VMThread::evaluate_operation+0xd2  (vmThread.cpp:269)
V  [jvm.dll+0x84d38f]  VMThread::inner_execute+0x1af  (vmThread.cpp:417)
V  [jvm.dll+0x84d774]  VMThread::loop+0x254  (vmThread.cpp:481)
V  [jvm.dll+0x84d840]  VMThread::run+0x70  (vmThread.cpp:167)
V  [jvm.dll+0x7f3a1c]  Thread::call_run+0x8c  (thread.cpp:405)
V  [jvm.dll+0x68a7c7]  thread_native_entry+0x77  (os_windows.cpp:551)
C  [ucrtbase.dll+0x37b0]
C  [KERNEL32.DLL+0x2e8d7]
C  [ntdll.dll+0x8c53c]

VM_Operation (0x000000e36f5fe410): G1CollectForAllocation, mode: safepoint, requested by thread 0x0000020bdc0b54d0


---------------  P R O C E S S  ---------------

Threads class SMR info:
_java_thread_list=0x0000020bd6ccf3d0, length=37, elements={
0x0000020b8f74aa90, 0x0000020b8f74c960, 0x0000020b8f75c750, 0x0000020b8f75f520,
0x0000020b8f765240, 0x0000020b8f7635d0, 0x0000020b8f764040, 0x0000020b8f76c230,
0x0000020b8f730fa0, 0x0000020bd53f8890, 0x0000020bd53f6550, 0x0000020bd55f5180,
0x0000020bd57ce260, 0x0000020bd5731de0, 0x0000020bd5804a80, 0x0000020bd5b46cc0,
0x0000020bd5b44e60, 0x0000020bd5b44950, 0x0000020bd5b43f30, 0x0000020bd5b467b0,
0x0000020bd5b45880, 0x0000020bd5b471d0, 0x0000020bdc0b54d0, 0x0000020bdc0b59e0,
0x0000020bdc0b4fc0, 0x0000020bdc0b5ef0, 0x0000020bdc0b4090, 0x0000020bdc0b6400,
0x0000020bdc0b3670, 0x0000020bdc0b45a0, 0x0000020bdc0b6910, 0x0000020bdc0b4ab0,
0x0000020bdc0b7330, 0x0000020bdc0b6e20, 0x0000020bdc0b3b80, 0x0000020bdc0b9190,
0x0000020bdc0baff0
}

Java Threads: ( => current thread )
  0x0000020b8f74aa90 JavaThread "Reference Handler" daemon [_thread_blocked, id=7692, stack(0x000000e36ce00000,0x000000e36cf00000)]
  0x0000020b8f74c960 JavaThread "Finalizer" daemon [_thread_blocked, id=4724, stack(0x000000e36cf00000,0x000000e36d000000)]
  0x0000020b8f75c750 JavaThread "Signal Dispatcher" daemon [_thread_blocked, id=29176, stack(0x000000e36d000000,0x000000e36d100000)]
  0x0000020b8f75f520 JavaThread "Attach Listener" daemon [_thread_blocked, id=30892, stack(0x000000e36d100000,0x000000e36d200000)]
  0x0000020b8f765240 JavaThread "Service Thread" daemon [_thread_blocked, id=23316, stack(0x000000e36d200000,0x000000e36d300000)]
  0x0000020b8f7635d0 JavaThread "Monitor Deflation Thread" daemon [_thread_blocked, id=30788, stack(0x000000e36d300000,0x000000e36d400000)]
  0x0000020b8f764040 JavaThread "C1 CompilerThread0" daemon [_thread_blocked, id=15996, stack(0x000000e36d400000,0x000000e36d500000)]
  0x0000020b8f76c230 JavaThread "Sweeper thread" daemon [_thread_blocked, id=27028, stack(0x000000e36d500000,0x000000e36d600000)]
  0x0000020b8f730fa0 JavaThread "Common-Cleaner" daemon [_thread_blocked, id=32480, stack(0x000000e36d600000,0x000000e36d700000)]
  0x0000020bd53f8890 JavaThread "Monitor Ctrl-Break" daemon [_thread_in_native, id=28000, stack(0x000000e36d700000,0x000000e36d800000)]
  0x0000020bd53f6550 JavaThread "Notification Thread" daemon [_thread_blocked, id=28616, stack(0x000000e36d800000,0x000000e36d900000)]
  0x0000020bd55f5180 JavaThread "RMI TCP Accept-0" daemon [_thread_in_native, id=19624, stack(0x000000e36d900000,0x000000e36da00000)]
  0x0000020bd57ce260 JavaThread "Catalina-utility-1" [_thread_blocked, id=33868, stack(0x000000e36e600000,0x000000e36e700000)]
  0x0000020bd5731de0 JavaThread "Catalina-utility-2" [_thread_blocked, id=33872, stack(0x000000e36e700000,0x000000e36e800000)]
  0x0000020bd5804a80 JavaThread "container-0" [_thread_blocked, id=33876, stack(0x000000e36e800000,0x000000e36e900000)]
  0x0000020bd5b46cc0 JavaThread "RMI TCP Connection(4)-192.168.10.251" daemon [_thread_blocked, id=33616, stack(0x000000e36c400000,0x000000e36c500000)]
  0x0000020bd5b44e60 JavaThread "RMI Scheduler(0)" daemon [_thread_blocked, id=26648, stack(0x000000e36c500000,0x000000e36c600000)]
  0x0000020bd5b44950 JavaThread "JMX server connection timeout 29" daemon [_thread_blocked, id=10232, stack(0x000000e36c600000,0x000000e36c700000)]
  0x0000020bd5b43f30 JavaThread "oracle.jdbc.diagnostics.Diagnostic.CLOCK" daemon [_thread_blocked, id=34264, stack(0x000000e36eb00000,0x000000e36ec00000)]
  0x0000020bd5b467b0 JavaThread "oracle.jdbc.driver.BlockSource.ThreadedCachingBlockSource.BlockReleaser" daemon [_thread_blocked, id=33256, stack(0x000000e36ed00000,0x000000e36ee00000)]
  0x0000020bd5b45880 JavaThread "InterruptTimer" daemon [_thread_blocked, id=34388, stack(0x000000e36ef00000,0x000000e36f000000)]
  0x0000020bd5b471d0 JavaThread "HikariPool-1:housekeeper" daemon [_thread_blocked, id=20224, stack(0x000000e36f100000,0x000000e36f200000)]
  0x0000020bdc0b54d0 JavaThread "File Watcher" daemon [_thread_blocked, id=33016, stack(0x000000e36f500000,0x000000e36f600000)]
  0x0000020bdc0b59e0 JavaThread "Live Reload Server" daemon [_thread_in_native, id=33724, stack(0x000000e36f700000,0x000000e36f800000)]
  0x0000020bdc0b4fc0 JavaThread "http-nio-8081-exec-1" daemon [_thread_blocked, id=30780, stack(0x000000e36f600000,0x000000e36f700000)]
  0x0000020bdc0b5ef0 JavaThread "http-nio-8081-exec-2" daemon [_thread_blocked, id=6836, stack(0x000000e36f800000,0x000000e36f900000)]
  0x0000020bdc0b4090 JavaThread "http-nio-8081-exec-3" daemon [_thread_blocked, id=30752, stack(0x000000e36f900000,0x000000e36fa00000)]
  0x0000020bdc0b6400 JavaThread "http-nio-8081-exec-4" daemon [_thread_blocked, id=33336, stack(0x000000e36fa00000,0x000000e36fb00000)]
  0x0000020bdc0b3670 JavaThread "http-nio-8081-exec-5" daemon [_thread_blocked, id=30868, stack(0x000000e36fb00000,0x000000e36fc00000)]
  0x0000020bdc0b45a0 JavaThread "http-nio-8081-exec-6" daemon [_thread_blocked, id=25148, stack(0x000000e36fc00000,0x000000e36fd00000)]
  0x0000020bdc0b6910 JavaThread "http-nio-8081-exec-7" daemon [_thread_blocked, id=31832, stack(0x000000e36fd00000,0x000000e36fe00000)]
  0x0000020bdc0b4ab0 JavaThread "http-nio-8081-exec-8" daemon [_thread_blocked, id=34228, stack(0x000000e36fe00000,0x000000e36ff00000)]
  0x0000020bdc0b7330 JavaThread "http-nio-8081-exec-9" daemon [_thread_blocked, id=26920, stack(0x000000e36ff00000,0x000000e370000000)]
  0x0000020bdc0b6e20 JavaThread "http-nio-8081-exec-10" daemon [_thread_blocked, id=32724, stack(0x000000e370000000,0x000000e370100000)]
  0x0000020bdc0b3b80 JavaThread "http-nio-8081-Poller" daemon [_thread_blocked, id=29624, stack(0x000000e370100000,0x000000e370200000)]
  0x0000020bdc0b9190 JavaThread "http-nio-8081-Acceptor" daemon [_thread_in_native, id=34176, stack(0x000000e370200000,0x000000e370300000)]
  0x0000020bdc0baff0 JavaThread "DestroyJavaVM" [_thread_blocked, id=33292, stack(0x000000e36c700000,0x000000e36c800000)]

Other Threads:
=>0x0000020b8f743d00 VMThread "VM Thread" [stack: 0x000000e36cd00000,0x000000e36ce00000] [id=32948]
  0x0000020b8149f930 WatcherThread [stack: 0x000000e36da00000,0x000000e36db00000] [id=33748]
  0x0000020b814f9cf0 GCTaskThread "GC Thread#0" [stack: 0x000000e36c800000,0x000000e36c900000] [id=33624]
  0x0000020bd58f9b40 GCTaskThread "GC Thread#1" [stack: 0x000000e36db00000,0x000000e36dc00000] [id=8860]
  0x0000020bd56083f0 GCTaskThread "GC Thread#2" [stack: 0x000000e36dc00000,0x000000e36dd00000] [id=11504]
  0x0000020bd591a880 GCTaskThread "GC Thread#3" [stack: 0x000000e36dd00000,0x000000e36de00000] [id=17160]
  0x0000020bd59b18a0 GCTaskThread "GC Thread#4" [stack: 0x000000e36de00000,0x000000e36df00000] [id=33320]
  0x0000020bd59ccd40 GCTaskThread "GC Thread#5" [stack: 0x000000e36df00000,0x000000e36e000000] [id=31304]
  0x0000020bd59cd000 GCTaskThread "GC Thread#6" [stack: 0x000000e36e000000,0x000000e36e100000] [id=32556]
  0x0000020bd5be8890 GCTaskThread "GC Thread#7" [stack: 0x000000e36e500000,0x000000e36e600000] [id=32992]
  0x0000020b8150a580 ConcurrentGCThread "G1 Main Marker" [stack: 0x000000e36c900000,0x000000e36ca00000] [id=33196]
  0x0000020b8150afa0 ConcurrentGCThread "G1 Conc#0" [stack: 0x000000e36ca00000,0x000000e36cb00000] [id=28416]
  0x0000020bd63627b0 ConcurrentGCThread "G1 Conc#1" [stack: 0x000000e36e400000,0x000000e36e500000] [id=33804]
  0x0000020b8f5f9b90 ConcurrentGCThread "G1 Refine#0" [stack: 0x000000e36cb00000,0x000000e36cc00000] [id=2424]
  0x0000020bd56086b0 ConcurrentGCThread "G1 Refine#1" [stack: 0x000000e36e100000,0x000000e36e200000] [id=11532]
  0x0000020b8f5fc2a0 ConcurrentGCThread "G1 Service" [stack: 0x000000e36cc00000,0x000000e36cd00000] [id=29744]

Threads with active compile tasks:
C1 CompilerThread0   273496 8527       1       org.apache.catalina.LifecycleEvent::<init> (16 bytes)

VM state: at safepoint (normal execution)

VM Mutex/Monitor currently owned by a thread:  ([mutex/lock_event])
[0x0000020b81485be0] Threads_lock - owner thread: 0x0000020b8f743d00
[0x0000020b8149d150] Heap_lock - owner thread: 0x0000020bdc0b54d0

Heap address: 0x0000000083600000, size: 1994 MB, Compressed Oops mode: 32-bit

CDS archive(s) mapped at: [0x0000020b90000000-0x0000020b90c00000-0x0000020b90c00000), size 12582912, SharedBaseAddress: 0x0000020b90000000, ArchiveRelocationMode: 1.
Compressed class space mapped at: 0x0000020b91000000-0x0000020bd1000000, reserved size: 1073741824
Narrow klass base: 0x0000020b90000000, Narrow klass shift: 0, Narrow klass range: 0x100000000

GC Precious Log:
 CPUs: 8 total, 8 available
 Memory: 7968M
 Large Page Support: Disabled
 NUMA Support: Disabled
 Compressed Oops: Enabled (32-bit)
 Heap Region Size: 1M
 Heap Min Capacity: 8M
 Heap Initial Capacity: 126M
 Heap Max Capacity: 1994M
 Pre-touch: Disabled
 Parallel Workers: 8
 Concurrent Workers: 2
 Concurrent Refinement Workers: 8
 Periodic GC: Disabled

Heap:
 garbage-first heap   total 150528K, used 50045K [0x0000000083600000, 0x0000000100000000)
  region size 1024K, 1 young (1024K), 1 survivors (1024K)
 Metaspace       used 81884K, committed 82496K, reserved 1179648K
  class space    used 12384K, committed 12672K, reserved 1048576K

Heap Regions: E=young(eden), S=young(survivor), O=old, HS=humongous(starts), HC=humongous(continues), CS=collection set, F=free, OA=open archive, CA=closed archive, TAMS=top-at-mark-start (previous, next)
|   0|0x0000000083600000, 0x0000000083700000, 0x0000000083700000|100%|HS|  |TAMS 0x0000000083700000, 0x0000000083600000| Complete 
|   1|0x0000000083700000, 0x0000000083800000, 0x0000000083800000|100%|HS|  |TAMS 0x0000000083800000, 0x0000000083700000| Complete 
|   2|0x0000000083800000, 0x0000000083900000, 0x0000000083900000|100%| O|  |TAMS 0x0000000083900000, 0x0000000083800000| Untracked 
|   3|0x0000000083900000, 0x0000000083a00000, 0x0000000083a00000|100%| O|  |TAMS 0x0000000083a00000, 0x0000000083900000| Untracked 
|   4|0x0000000083a00000, 0x0000000083b00000, 0x0000000083b00000|100%| O|  |TAMS 0x0000000083b00000, 0x0000000083a00000| Untracked 
|   5|0x0000000083b00000, 0x0000000083c00000, 0x0000000083c00000|100%| O|  |TAMS 0x0000000083c00000, 0x0000000083b00000| Untracked 
|   6|0x0000000083c00000, 0x0000000083d00000, 0x0000000083d00000|100%| O|  |TAMS 0x0000000083d00000, 0x0000000083c00000| Untracked 
|   7|0x0000000083d00000, 0x0000000083e00000, 0x0000000083e00000|100%| O|  |TAMS 0x0000000083e00000, 0x0000000083d00000| Untracked 
|   8|0x0000000083e00000, 0x0000000083f00000, 0x0000000083f00000|100%| O|  |TAMS 0x0000000083f00000, 0x0000000083e00000| Untracked 
|   9|0x0000000083f00000, 0x0000000084000000, 0x0000000084000000|100%| O|  |TAMS 0x0000000084000000, 0x0000000083f00000| Untracked 
|  10|0x0000000084000000, 0x0000000084100000, 0x0000000084100000|100%| O|  |TAMS 0x0000000084100000, 0x0000000084000000| Untracked 
|  11|0x0000000084100000, 0x0000000084200000, 0x0000000084200000|100%| O|  |TAMS 0x0000000084200000, 0x0000000084100000| Untracked 
|  12|0x0000000084200000, 0x0000000084300000, 0x0000000084300000|100%| O|  |TAMS 0x0000000084300000, 0x0000000084200000| Untracked 
|  13|0x0000000084300000, 0x0000000084400000, 0x0000000084400000|100%| O|  |TAMS 0x0000000084400000, 0x0000000084300000| Untracked 
|  14|0x0000000084400000, 0x0000000084500000, 0x0000000084500000|100%| O|  |TAMS 0x0000000084500000, 0x0000000084400000| Untracked 
|  15|0x0000000084500000, 0x0000000084600000, 0x0000000084600000|100%| O|  |TAMS 0x0000000084600000, 0x0000000084500000| Untracked 
|  16|0x0000000084600000, 0x0000000084700000, 0x0000000084700000|100%| O|  |TAMS 0x0000000084700000, 0x0000000084600000| Untracked 
|  17|0x0000000084700000, 0x0000000084800000, 0x0000000084800000|100%| O|  |TAMS 0x0000000084800000, 0x0000000084700000| Untracked 
|  18|0x0000000084800000, 0x0000000084900000, 0x0000000084900000|100%| O|  |TAMS 0x0000000084800000, 0x0000000084800000| Untracked 
|  19|0x0000000084900000, 0x0000000084a00000, 0x0000000084a00000|100%| O|  |TAMS 0x0000000084a00000, 0x0000000084900000| Untracked 
|  20|0x0000000084a00000, 0x0000000084b00000, 0x0000000084b00000|100%| O|  |TAMS 0x0000000084b00000, 0x0000000084a00000| Untracked 
|  21|0x0000000084b00000, 0x0000000084c00000, 0x0000000084c00000|100%| O|  |TAMS 0x0000000084c00000, 0x0000000084b00000| Untracked 
|  22|0x0000000084c00000, 0x0000000084d00000, 0x0000000084d00000|100%| O|  |TAMS 0x0000000084d00000, 0x0000000084c00000| Untracked 
|  23|0x0000000084d00000, 0x0000000084e00000, 0x0000000084e00000|100%| O|  |TAMS 0x0000000084e00000, 0x0000000084d00000| Untracked 
|  24|0x0000000084e00000, 0x0000000084f00000, 0x0000000084f00000|100%| O|  |TAMS 0x0000000084f00000, 0x0000000084e00000| Untracked 
|  25|0x0000000084f00000, 0x0000000085000000, 0x0000000085000000|100%| O|  |TAMS 0x0000000085000000, 0x0000000084f00000| Untracked 
|  26|0x0000000085000000, 0x0000000085100000, 0x0000000085100000|100%| O|  |TAMS 0x0000000085100000, 0x0000000085000000| Untracked 
|  27|0x0000000085100000, 0x0000000085200000, 0x0000000085200000|100%| O|  |TAMS 0x0000000085200000, 0x0000000085100000| Untracked 
|  28|0x0000000085200000, 0x0000000085300000, 0x0000000085300000|100%| O|  |TAMS 0x0000000085300000, 0x0000000085200000| Untracked 
|  29|0x0000000085300000, 0x0000000085400000, 0x0000000085400000|100%| O|  |TAMS 0x0000000085354400, 0x0000000085300000| Untracked 
|  30|0x0000000085400000, 0x0000000085500000, 0x0000000085500000|100%| O|  |TAMS 0x0000000085400000, 0x0000000085400000| Untracked 
|  31|0x0000000085500000, 0x0000000085600000, 0x0000000085600000|100%| O|  |TAMS 0x0000000085500000, 0x0000000085500000| Untracked 
|  32|0x0000000085600000, 0x0000000085700000, 0x0000000085700000|100%| O|  |TAMS 0x0000000085600000, 0x0000000085600000| Untracked 
|  33|0x0000000085700000, 0x0000000085800000, 0x0000000085800000|100%| O|  |TAMS 0x0000000085700000, 0x0000000085700000| Untracked 
|  34|0x0000000085800000, 0x0000000085900000, 0x0000000085900000|100%| O|  |TAMS 0x0000000085800000, 0x0000000085800000| Untracked 
|  35|0x0000000085900000, 0x0000000085a00000, 0x0000000085a00000|100%| O|  |TAMS 0x0000000085900000, 0x0000000085900000| Untracked 
|  36|0x0000000085a00000, 0x0000000085b00000, 0x0000000085b00000|100%| O|  |TAMS 0x0000000085a00000, 0x0000000085a00000| Untracked 
|  37|0x0000000085b00000, 0x0000000085c00000, 0x0000000085c00000|100%| O|  |TAMS 0x0000000085b00000, 0x0000000085b00000| Untracked 
|  38|0x0000000085c00000, 0x0000000085d00000, 0x0000000085d00000|100%| O|  |TAMS 0x0000000085c00000, 0x0000000085c00000| Untracked 
|  39|0x0000000085d00000, 0x0000000085e00000, 0x0000000085e00000|100%| O|  |TAMS 0x0000000085d00000, 0x0000000085d00000| Untracked 
|  40|0x0000000085e00000, 0x0000000085f00000, 0x0000000085f00000|100%| O|  |TAMS 0x0000000085e00000, 0x0000000085e00000| Untracked 
|  41|0x0000000085f00000, 0x0000000086000000, 0x0000000086000000|100%| O|  |TAMS 0x0000000085f00000, 0x0000000085f00000| Untracked 
|  42|0x0000000086000000, 0x0000000086100000, 0x0000000086100000|100%| O|  |TAMS 0x0000000086000000, 0x0000000086000000| Untracked 
|  43|0x0000000086100000, 0x0000000086200000, 0x0000000086200000|100%| O|  |TAMS 0x0000000086100000, 0x0000000086100000| Untracked 
|  44|0x0000000086200000, 0x0000000086300000, 0x0000000086300000|100%| O|  |TAMS 0x0000000086200000, 0x0000000086200000| Untracked 
|  45|0x0000000086300000, 0x0000000086400000, 0x0000000086400000|100%| O|  |TAMS 0x0000000086300000, 0x0000000086300000| Untracked 
|  46|0x0000000086400000, 0x0000000086500000, 0x0000000086500000|100%| O|  |TAMS 0x0000000086400000, 0x0000000086400000| Untracked 
|  47|0x0000000086500000, 0x0000000086600000, 0x0000000086600000|100%| O|  |TAMS 0x0000000086500000, 0x0000000086500000| Untracked 
|  48|0x0000000086600000, 0x0000000086681400, 0x0000000086700000| 50%| O|  |TAMS 0x0000000086600000, 0x0000000086600000| Untracked 
|  49|0x0000000086700000, 0x0000000086700000, 0x0000000086800000|  0%| F|  |TAMS 0x0000000086700000, 0x0000000086700000| Untracked 
|  50|0x0000000086800000, 0x0000000086800000, 0x0000000086900000|  0%| F|  |TAMS 0x0000000086800000, 0x0000000086800000| Untracked 
|  51|0x0000000086900000, 0x0000000086900000, 0x0000000086a00000|  0%| F|  |TAMS 0x0000000086900000, 0x0000000086900000| Untracked 
|  52|0x0000000086a00000, 0x0000000086a00000, 0x0000000086b00000|  0%| F|  |TAMS 0x0000000086a00000, 0x0000000086a00000| Untracked 
|  53|0x0000000086b00000, 0x0000000086b00000, 0x0000000086c00000|  0%| F|  |TAMS 0x0000000086b00000, 0x0000000086b00000| Untracked 
|  54|0x0000000086c00000, 0x0000000086c00000, 0x0000000086d00000|  0%| F|  |TAMS 0x0000000086c00000, 0x0000000086c00000| Untracked 
|  55|0x0000000086d00000, 0x0000000086d00000, 0x0000000086e00000|  0%| F|  |TAMS 0x0000000086d00000, 0x0000000086d00000| Untracked 
|  56|0x0000000086e00000, 0x0000000086e00000, 0x0000000086f00000|  0%| F|  |TAMS 0x0000000086e00000, 0x0000000086e00000| Untracked 
|  57|0x0000000086f00000, 0x0000000086f00000, 0x0000000087000000|  0%| F|  |TAMS 0x0000000086f00000, 0x0000000086f00000| Untracked 
|  58|0x0000000087000000, 0x0000000087000000, 0x0000000087100000|  0%| F|  |TAMS 0x0000000087000000, 0x0000000087000000| Untracked 
|  59|0x0000000087100000, 0x0000000087100000, 0x0000000087200000|  0%| F|  |TAMS 0x0000000087100000, 0x0000000087100000| Untracked 
|  60|0x0000000087200000, 0x0000000087200000, 0x0000000087300000|  0%| F|  |TAMS 0x0000000087200000, 0x0000000087200000| Untracked 
|  61|0x0000000087300000, 0x0000000087300000, 0x0000000087400000|  0%| F|  |TAMS 0x0000000087300000, 0x0000000087300000| Untracked 
|  62|0x0000000087400000, 0x0000000087400000, 0x0000000087500000|  0%| F|  |TAMS 0x0000000087400000, 0x0000000087400000| Untracked 
|  63|0x0000000087500000, 0x0000000087500000, 0x0000000087600000|  0%| F|  |TAMS 0x0000000087500000, 0x0000000087500000| Untracked 
|  64|0x0000000087600000, 0x0000000087600000, 0x0000000087700000|  0%| F|  |TAMS 0x0000000087600000, 0x0000000087600000| Untracked 
|  65|0x0000000087700000, 0x0000000087700000, 0x0000000087800000|  0%| F|  |TAMS 0x0000000087700000, 0x0000000087700000| Untracked 
|  66|0x0000000087800000, 0x0000000087800000, 0x0000000087900000|  0%| F|  |TAMS 0x0000000087800000, 0x0000000087800000| Untracked 
|  67|0x0000000087900000, 0x0000000087900000, 0x0000000087a00000|  0%| F|  |TAMS 0x0000000087900000, 0x0000000087900000| Untracked 
|  68|0x0000000087a00000, 0x0000000087a00000, 0x0000000087b00000|  0%| F|  |TAMS 0x0000000087a00000, 0x0000000087a00000| Untracked 
|  69|0x0000000087b00000, 0x0000000087b00000, 0x0000000087c00000|  0%| F|  |TAMS 0x0000000087b00000, 0x0000000087b00000| Untracked 
|  70|0x0000000087c00000, 0x0000000087c00000, 0x0000000087d00000|  0%| F|  |TAMS 0x0000000087c00000, 0x0000000087c00000| Untracked 
|  71|0x0000000087d00000, 0x0000000087d00000, 0x0000000087e00000|  0%| F|  |TAMS 0x0000000087d00000, 0x0000000087d00000| Untracked 
|  72|0x0000000087e00000, 0x0000000087e00000, 0x0000000087f00000|  0%| F|  |TAMS 0x0000000087e00000, 0x0000000087e00000| Untracked 
|  73|0x0000000087f00000, 0x0000000087f00000, 0x0000000088000000|  0%| F|  |TAMS 0x0000000087f00000, 0x0000000087f00000| Untracked 
|  74|0x0000000088000000, 0x0000000088000000, 0x0000000088100000|  0%| F|  |TAMS 0x0000000088000000, 0x0000000088000000| Untracked 
|  75|0x0000000088100000, 0x0000000088100000, 0x0000000088200000|  0%| F|  |TAMS 0x0000000088100000, 0x0000000088100000| Untracked 
|  76|0x0000000088200000, 0x0000000088200000, 0x0000000088300000|  0%| F|  |TAMS 0x0000000088200000, 0x0000000088200000| Untracked 
|  77|0x0000000088300000, 0x0000000088300000, 0x0000000088400000|  0%| F|  |TAMS 0x0000000088300000, 0x0000000088300000| Untracked 
|  78|0x0000000088400000, 0x0000000088400000, 0x0000000088500000|  0%| F|  |TAMS 0x0000000088400000, 0x0000000088400000| Untracked 
|  79|0x0000000088500000, 0x0000000088500000, 0x0000000088600000|  0%| F|  |TAMS 0x0000000088500000, 0x0000000088500000| Untracked 
|  80|0x0000000088600000, 0x0000000088600000, 0x0000000088700000|  0%| F|  |TAMS 0x0000000088600000, 0x0000000088600000| Untracked 
|  81|0x0000000088700000, 0x0000000088700000, 0x0000000088800000|  0%| F|  |TAMS 0x0000000088700000, 0x0000000088700000| Untracked 
|  82|0x0000000088800000, 0x0000000088800000, 0x0000000088900000|  0%| F|  |TAMS 0x0000000088800000, 0x0000000088800000| Untracked 
|  83|0x0000000088900000, 0x0000000088900000, 0x0000000088a00000|  0%| F|  |TAMS 0x0000000088900000, 0x0000000088900000| Untracked 
|  84|0x0000000088a00000, 0x0000000088a00000, 0x0000000088b00000|  0%| F|  |TAMS 0x0000000088a00000, 0x0000000088a00000| Untracked 
|  85|0x0000000088b00000, 0x0000000088b00000, 0x0000000088c00000|  0%| F|  |TAMS 0x0000000088b00000, 0x0000000088b00000| Untracked 
|  86|0x0000000088c00000, 0x0000000088c00000, 0x0000000088d00000|  0%| F|  |TAMS 0x0000000088c00000, 0x0000000088c00000| Untracked 
|  87|0x0000000088d00000, 0x0000000088d00000, 0x0000000088e00000|  0%| F|  |TAMS 0x0000000088d00000, 0x0000000088d00000| Untracked 
|  88|0x0000000088e00000, 0x0000000088e00000, 0x0000000088f00000|  0%| F|  |TAMS 0x0000000088e00000, 0x0000000088e00000| Untracked 
|  89|0x0000000088f00000, 0x0000000088f00000, 0x0000000089000000|  0%| F|  |TAMS 0x0000000088f00000, 0x0000000088f00000| Untracked 
|  90|0x0000000089000000, 0x0000000089000000, 0x0000000089100000|  0%| F|  |TAMS 0x0000000089000000, 0x0000000089000000| Untracked 
|  91|0x0000000089100000, 0x0000000089100000, 0x0000000089200000|  0%| F|  |TAMS 0x0000000089100000, 0x0000000089100000| Untracked 
|  92|0x0000000089200000, 0x0000000089200000, 0x0000000089300000|  0%| F|  |TAMS 0x0000000089200000, 0x0000000089200000| Untracked 
|  93|0x0000000089300000, 0x0000000089300000, 0x0000000089400000|  0%| F|  |TAMS 0x0000000089300000, 0x0000000089300000| Untracked 
|  94|0x0000000089400000, 0x0000000089400000, 0x0000000089500000|  0%| F|  |TAMS 0x0000000089400000, 0x0000000089400000| Untracked 
|  95|0x0000000089500000, 0x0000000089500000, 0x0000000089600000|  0%| F|  |TAMS 0x0000000089500000, 0x0000000089500000| Untracked 
|  96|0x0000000089600000, 0x0000000089600000, 0x0000000089700000|  0%| F|  |TAMS 0x0000000089600000, 0x0000000089600000| Untracked 
|  97|0x0000000089700000, 0x0000000089700000, 0x0000000089800000|  0%| F|  |TAMS 0x0000000089700000, 0x0000000089700000| Untracked 
|  98|0x0000000089800000, 0x0000000089800000, 0x0000000089900000|  0%| F|  |TAMS 0x0000000089800000, 0x0000000089800000| Untracked 
|  99|0x0000000089900000, 0x0000000089900000, 0x0000000089a00000|  0%| F|  |TAMS 0x0000000089900000, 0x0000000089900000| Untracked 
| 100|0x0000000089a00000, 0x0000000089a00000, 0x0000000089b00000|  0%| F|  |TAMS 0x0000000089a00000, 0x0000000089a00000| Untracked 
| 101|0x0000000089b00000, 0x0000000089b00000, 0x0000000089c00000|  0%| F|  |TAMS 0x0000000089b00000, 0x0000000089b00000| Untracked 
| 102|0x0000000089c00000, 0x0000000089c00000, 0x0000000089d00000|  0%| F|  |TAMS 0x0000000089c00000, 0x0000000089c00000| Untracked 
| 103|0x0000000089d00000, 0x0000000089d00000, 0x0000000089e00000|  0%| F|  |TAMS 0x0000000089d00000, 0x0000000089d00000| Untracked 
| 104|0x0000000089e00000, 0x0000000089e00000, 0x0000000089f00000|  0%| F|  |TAMS 0x0000000089e00000, 0x0000000089e00000| Untracked 
| 105|0x0000000089f00000, 0x0000000089f00000, 0x000000008a000000|  0%| F|  |TAMS 0x0000000089f00000, 0x0000000089f00000| Untracked 
| 106|0x000000008a000000, 0x000000008a000000, 0x000000008a100000|  0%| F|  |TAMS 0x000000008a000000, 0x000000008a000000| Untracked 
| 107|0x000000008a100000, 0x000000008a100000, 0x000000008a200000|  0%| F|  |TAMS 0x000000008a100000, 0x000000008a100000| Untracked 
| 108|0x000000008a200000, 0x000000008a200000, 0x000000008a300000|  0%| F|  |TAMS 0x000000008a200000, 0x000000008a200000| Untracked 
| 109|0x000000008a300000, 0x000000008a300000, 0x000000008a400000|  0%| F|  |TAMS 0x000000008a300000, 0x000000008a300000| Untracked 
| 110|0x000000008a400000, 0x000000008a400000, 0x000000008a500000|  0%| F|  |TAMS 0x000000008a400000, 0x000000008a400000| Untracked 
| 111|0x000000008a500000, 0x000000008a500000, 0x000000008a600000|  0%| F|  |TAMS 0x000000008a500000, 0x000000008a500000| Untracked 
| 112|0x000000008a600000, 0x000000008a600000, 0x000000008a700000|  0%| F|  |TAMS 0x000000008a600000, 0x000000008a600000| Untracked 
| 113|0x000000008a700000, 0x000000008a700000, 0x000000008a800000|  0%| F|  |TAMS 0x000000008a700000, 0x000000008a700000| Untracked 
| 114|0x000000008a800000, 0x000000008a800000, 0x000000008a900000|  0%| F|  |TAMS 0x000000008a800000, 0x000000008a800000| Untracked 
| 115|0x000000008a900000, 0x000000008a900000, 0x000000008aa00000|  0%| F|  |TAMS 0x000000008a900000, 0x000000008a900000| Untracked 
| 116|0x000000008aa00000, 0x000000008aa00000, 0x000000008ab00000|  0%| F|  |TAMS 0x000000008aa00000, 0x000000008aa00000| Untracked 
| 117|0x000000008ab00000, 0x000000008ab00000, 0x000000008ac00000|  0%| F|  |TAMS 0x000000008ab00000, 0x000000008ab00000| Untracked 
| 118|0x000000008ac00000, 0x000000008ac00000, 0x000000008ad00000|  0%| F|  |TAMS 0x000000008ac00000, 0x000000008ac00000| Untracked 
| 119|0x000000008ad00000, 0x000000008ad00000, 0x000000008ae00000|  0%| F|  |TAMS 0x000000008ad00000, 0x000000008ad00000| Untracked 
| 120|0x000000008ae00000, 0x000000008ae00000, 0x000000008af00000|  0%| F|  |TAMS 0x000000008ae00000, 0x000000008ae00000| Untracked 
| 121|0x000000008af00000, 0x000000008af00000, 0x000000008b000000|  0%| F|  |TAMS 0x000000008af00000, 0x000000008af00000| Untracked 
| 122|0x000000008b000000, 0x000000008b000000, 0x000000008b100000|  0%| F|  |TAMS 0x000000008b000000, 0x000000008b000000| Untracked 
| 123|0x000000008b100000, 0x000000008b100000, 0x000000008b200000|  0%| F|  |TAMS 0x000000008b100000, 0x000000008b100000| Untracked 
| 124|0x000000008b200000, 0x000000008b200000, 0x000000008b300000|  0%| F|  |TAMS 0x000000008b200000, 0x000000008b200000| Untracked 
| 125|0x000000008b300000, 0x000000008b300000, 0x000000008b400000|  0%| F|  |TAMS 0x000000008b300000, 0x000000008b300000| Untracked 
| 126|0x000000008b400000, 0x000000008b400000, 0x000000008b500000|  0%| F|  |TAMS 0x000000008b400000, 0x000000008b400000| Untracked 
| 127|0x000000008b500000, 0x000000008b500000, 0x000000008b600000|  0%| F|  |TAMS 0x000000008b500000, 0x000000008b500000| Untracked 
| 128|0x000000008b600000, 0x000000008b600000, 0x000000008b700000|  0%| F|  |TAMS 0x000000008b600000, 0x000000008b600000| Untracked 
| 129|0x000000008b700000, 0x000000008b700000, 0x000000008b800000|  0%| F|  |TAMS 0x000000008b700000, 0x000000008b700000| Untracked 
| 130|0x000000008b800000, 0x000000008b800000, 0x000000008b900000|  0%| F|  |TAMS 0x000000008b800000, 0x000000008b800000| Untracked 
| 131|0x000000008b900000, 0x000000008b900000, 0x000000008ba00000|  0%| F|  |TAMS 0x000000008b900000, 0x000000008b900000| Untracked 
| 132|0x000000008ba00000, 0x000000008ba00000, 0x000000008bb00000|  0%| F|  |TAMS 0x000000008ba00000, 0x000000008ba00000| Untracked 
| 133|0x000000008bb00000, 0x000000008bb00000, 0x000000008bc00000|  0%| F|  |TAMS 0x000000008bb00000, 0x000000008bb00000| Untracked 
| 134|0x000000008bc00000, 0x000000008bc00000, 0x000000008bd00000|  0%| F|  |TAMS 0x000000008bc00000, 0x000000008bc00000| Untracked 
| 135|0x000000008bd00000, 0x000000008bd00000, 0x000000008be00000|  0%| F|  |TAMS 0x000000008bd00000, 0x000000008bd00000| Untracked 
| 136|0x000000008be00000, 0x000000008be00000, 0x000000008bf00000|  0%| F|  |TAMS 0x000000008be00000, 0x000000008be00000| Untracked 
| 137|0x000000008bf00000, 0x000000008bf00000, 0x000000008c000000|  0%| F|  |TAMS 0x000000008bf00000, 0x000000008bf00000| Untracked 
| 138|0x000000008c000000, 0x000000008c000000, 0x000000008c100000|  0%| F|  |TAMS 0x000000008c000000, 0x000000008c000000| Untracked 
| 139|0x000000008c100000, 0x000000008c100000, 0x000000008c200000|  0%| F|  |TAMS 0x000000008c100000, 0x000000008c100000| Untracked 
| 140|0x000000008c200000, 0x000000008c200000, 0x000000008c300000|  0%| F|  |TAMS 0x000000008c200000, 0x000000008c200000| Untracked 
| 141|0x000000008c300000, 0x000000008c300000, 0x000000008c400000|  0%| F|  |TAMS 0x000000008c300000, 0x000000008c300000| Untracked 
| 142|0x000000008c400000, 0x000000008c45e050, 0x000000008c500000| 36%| S|CS|TAMS 0x000000008c400000, 0x000000008c400000| Complete 
| 143|0x000000008c500000, 0x000000008c500000, 0x000000008c600000|  0%| F|  |TAMS 0x000000008c500000, 0x000000008c500000| Untracked 
| 144|0x000000008c600000, 0x000000008c600000, 0x000000008c700000|  0%| F|  |TAMS 0x000000008c600000, 0x000000008c600000| Untracked 
| 145|0x000000008c700000, 0x000000008c700000, 0x000000008c800000|  0%| F|  |TAMS 0x000000008c700000, 0x000000008c700000| Untracked 
| 146|0x000000008c800000, 0x000000008c800000, 0x000000008c900000|  0%| F|  |TAMS 0x000000008c800000, 0x000000008c800000| Untracked 

Card table byte_map: [0x0000020b88960000,0x0000020b88d50000] _byte_map_base: 0x0000020b88545000

Marking Bits (Prev, Next): (CMBitMap*) 0x0000020b814fa310, (CMBitMap*) 0x0000020b814fa350
 Prev Bits: [0x0000020b89140000, 0x0000020b8b068000)
 Next Bits: [0x0000020b8b070000, 0x0000020b8cf98000)

Polling page: 0x0000020b81520000

Metaspace:

Usage:
  Non-class:     67.87 MB used.
      Class:     12.09 MB used.
       Both:     79.97 MB used.

Virtual space:
  Non-class space:      128.00 MB reserved,      68.19 MB ( 53%) committed,  2 nodes.
      Class space:        1.00 GB reserved,      12.38 MB (  1%) committed,  1 nodes.
             Both:        1.12 GB reserved,      80.56 MB (  7%) committed. 

Chunk freelists:
   Non-Class:  11.39 MB
       Class:  3.51 MB
        Both:  14.90 MB

MaxMetaspaceSize: unlimited
CompressedClassSpaceSize: 1.00 GB
Initial GC threshold: 21.00 MB
Current GC threshold: 131.38 MB
CDS: on
MetaspaceReclaimPolicy: balanced
 - commit_granule_bytes: 65536.
 - commit_granule_words: 8192.
 - virtual_space_node_default_size: 8388608.
 - enlarge_chunks_in_place: 1.
 - new_chunks_are_fully_committed: 0.
 - uncommit_free_chunks: 1.
 - use_allocation_guard: 0.
 - handle_deallocations: 1.


Internal statistics:

num_allocs_failed_limit: 12.
num_arena_births: 1050.
num_arena_deaths: 160.
num_vsnodes_births: 3.
num_vsnodes_deaths: 0.
num_space_committed: 1289.
num_space_uncommitted: 0.
num_chunks_returned_to_freelist: 199.
num_chunks_taken_from_freelist: 4225.
num_chunk_merges: 73.
num_chunk_splits: 3015.
num_chunks_enlarged: 2316.
num_inconsistent_stats: 0.

CodeCache: size=49152Kb used=14547Kb max_used=16134Kb free=34604Kb
 bounds [0x0000020b84c90000, 0x0000020b85c60000, 0x0000020b87c90000]
 total_blobs=9248 nmethods=8516 adapters=658
 compilation: enabled
              stopped_count=0, restarted_count=0
 full_count=0

Compilation events (20 events):
Event: 252.196 Thread 0x0000020b8f764040 nmethod 8511 0x0000020b85a6c110 code [0x0000020b85a6c2a0, 0x0000020b85a6c438]
Event: 252.196 Thread 0x0000020b8f764040 8512       1       org.apache.tomcat.util.net.SocketProperties::getTimeoutInterval (5 bytes)
Event: 252.197 Thread 0x0000020b8f764040 nmethod 8512 0x0000020b85a6be10 code [0x0000020b85a6bfa0, 0x0000020b85a6c078]
Event: 256.118 Thread 0x0000020b8f764040 8513       1       java.net.NetworkInterface::<init> (15 bytes)
Event: 256.194 Thread 0x0000020b8f764040 nmethod 8513 0x0000020b85a6bb10 code [0x0000020b85a6bca0, 0x0000020b85a6bd98]
Event: 258.663 Thread 0x0000020b8f764040 8514       1       java.util.concurrent.ThreadPoolExecutor$Worker::unlock (7 bytes)
Event: 258.726 Thread 0x0000020b8f764040 nmethod 8514 0x0000020b85a6b790 code [0x0000020b85a6b920, 0x0000020b85a6ba48]
Event: 259.112 Thread 0x0000020b8f764040 8516       1       org.springframework.boot.devtools.filewatch.FileSystemWatcher$Watcher::isDifferent (105 bytes)
Event: 259.120 Thread 0x0000020b8f764040 nmethod 8516 0x0000020b85a6ae90 code [0x0000020b85a6b0e0, 0x0000020b85a6b4e8]
Event: 259.120 Thread 0x0000020b8f764040 8517       1       org.springframework.boot.devtools.filewatch.DirectorySnapshot::equals (46 bytes)
Event: 259.132 Thread 0x0000020b8f764040 nmethod 8517 0x0000020b85a6a810 code [0x0000020b85a6a9e0, 0x0000020b85a6ac78]
Event: 259.133 Thread 0x0000020b8f764040 8518       1       java.util.Collections$UnmodifiableSet::equals (24 bytes)
Event: 259.133 Thread 0x0000020b8f764040 nmethod 8518 0x0000020b85a6a510 code [0x0000020b85a6a6a0, 0x0000020b85a6a7a8]
Event: 260.630 Thread 0x0000020b8f764040 8519   !   1       java.util.concurrent.ThreadPoolExecutor::getTask (177 bytes)
Event: 260.639 Thread 0x0000020b8f764040 nmethod 8519 0x0000020b85a69b90 code [0x0000020b85a69d80, 0x0000020b85a6a238]
Event: 263.637 Thread 0x0000020b8f764040 8520       1       java.util.concurrent.ThreadPoolExecutor$Worker::lock (6 bytes)
Event: 263.695 Thread 0x0000020b8f764040 nmethod 8520 0x0000020b85a69790 code [0x0000020b85a69920, 0x0000020b85a69ae8]
Event: 264.627 Thread 0x0000020b8f764040 8525       1       java.util.concurrent.ThreadPoolExecutor::afterExecute (1 bytes)
Event: 264.628 Thread 0x0000020b8f764040 nmethod 8525 0x0000020b85a69490 code [0x0000020b85a69620, 0x0000020b85a696d8]
Event: 270.533 Thread 0x0000020b8f764040 8527       1       org.apache.catalina.LifecycleEvent::<init> (16 bytes)

GC Heap History (20 events):
Event: 78.769 GC heap after
{Heap after GC invocations=17 (full 0):
 garbage-first heap   total 58368K, used 25383K [0x0000000083600000, 0x0000000100000000)
  region size 1024K, 1 young (1024K), 1 survivors (1024K)
 Metaspace       used 51518K, committed 51968K, reserved 1114112K
  class space    used 7396K, committed 7616K, reserved 1048576K
}
Event: 79.172 GC heap before
{Heap before GC invocations=17 (full 0):
 garbage-first heap   total 58368K, used 45863K [0x0000000083600000, 0x0000000100000000)
  region size 1024K, 21 young (21504K), 1 survivors (1024K)
 Metaspace       used 55085K, committed 55488K, reserved 1114112K
  class space    used 7862K, committed 8064K, reserved 1048576K
}
Event: 79.175 GC heap after
{Heap after GC invocations=18 (full 0):
 garbage-first heap   total 150528K, used 26312K [0x0000000083600000, 0x0000000100000000)
  region size 1024K, 2 young (2048K), 2 survivors (2048K)
 Metaspace       used 55085K, committed 55488K, reserved 1114112K
  class space    used 7862K, committed 8064K, reserved 1048576K
}
Event: 101.314 GC heap before
{Heap before GC invocations=18 (full 0):
 garbage-first heap   total 150528K, used 114376K [0x0000000083600000, 0x0000000100000000)
  region size 1024K, 89 young (91136K), 2 survivors (2048K)
 Metaspace       used 67567K, committed 68096K, reserved 1114112K
  class space    used 9956K, committed 10176K, reserved 1048576K
}
Event: 101.379 GC heap after
{Heap after GC invocations=19 (full 0):
 garbage-first heap   total 150528K, used 30106K [0x0000000083600000, 0x0000000100000000)
  region size 1024K, 5 young (5120K), 5 survivors (5120K)
 Metaspace       used 67567K, committed 68096K, reserved 1114112K
  class space    used 9956K, committed 10176K, reserved 1048576K
}
Event: 108.978 GC heap before
{Heap before GC invocations=19 (full 0):
 garbage-first heap   total 150528K, used 115098K [0x0000000083600000, 0x0000000100000000)
  region size 1024K, 88 young (90112K), 5 survivors (5120K)
 Metaspace       used 75610K, committed 76160K, reserved 1114112K
  class space    used 11325K, committed 11584K, reserved 1048576K
}
Event: 108.986 GC heap after
{Heap after GC invocations=20 (full 0):
 garbage-first heap   total 150528K, used 34347K [0x0000000083600000, 0x0000000100000000)
  region size 1024K, 10 young (10240K), 10 survivors (10240K)
 Metaspace       used 75610K, committed 76160K, reserved 1114112K
  class space    used 11325K, committed 11584K, reserved 1048576K
}
Event: 109.195 GC heap before
{Heap before GC invocations=20 (full 0):
 garbage-first heap   total 150528K, used 114219K [0x0000000083600000, 0x0000000100000000)
  region size 1024K, 88 young (90112K), 10 survivors (10240K)
 Metaspace       used 75684K, committed 76224K, reserved 1114112K
  class space    used 11346K, committed 11584K, reserved 1048576K
}
Event: 109.226 GC heap after
{Heap after GC invocations=21 (full 0):
 garbage-first heap   total 150528K, used 35895K [0x0000000083600000, 0x0000000100000000)
  region size 1024K, 6 young (6144K), 6 survivors (6144K)
 Metaspace       used 75684K, committed 76224K, reserved 1114112K
  class space    used 11346K, committed 11584K, reserved 1048576K
}
Event: 110.111 GC heap before
{Heap before GC invocations=21 (full 0):
 garbage-first heap   total 150528K, used 119863K [0x0000000083600000, 0x0000000100000000)
  region size 1024K, 88 young (90112K), 6 survivors (6144K)
 Metaspace       used 79879K, committed 80448K, reserved 1179648K
  class space    used 11977K, committed 12224K, reserved 1048576K
}
Event: 110.118 GC heap after
{Heap after GC invocations=22 (full 0):
 garbage-first heap   total 150528K, used 40412K [0x0000000083600000, 0x0000000100000000)
  region size 1024K, 11 young (11264K), 11 survivors (11264K)
 Metaspace       used 79879K, committed 80448K, reserved 1179648K
  class space    used 11977K, committed 12224K, reserved 1048576K
}
Event: 110.164 GC heap before
{Heap before GC invocations=22 (full 0):
 garbage-first heap   total 150528K, used 42460K [0x0000000083600000, 0x0000000100000000)
  region size 1024K, 14 young (14336K), 11 survivors (11264K)
 Metaspace       used 80045K, committed 80576K, reserved 1179648K
  class space    used 12006K, committed 12224K, reserved 1048576K
}
Event: 110.176 GC heap after
{Heap after GC invocations=23 (full 0):
 garbage-first heap   total 150528K, used 41265K [0x0000000083600000, 0x0000000100000000)
  region size 1024K, 7 young (7168K), 7 survivors (7168K)
 Metaspace       used 80045K, committed 80576K, reserved 1179648K
  class space    used 12006K, committed 12224K, reserved 1048576K
}
Event: 110.376 GC heap before
{Heap before GC invocations=24 (full 0):
 garbage-first heap   total 150528K, used 111921K [0x0000000083600000, 0x0000000100000000)
  region size 1024K, 76 young (77824K), 7 survivors (7168K)
 Metaspace       used 80141K, committed 80704K, reserved 1179648K
  class space    used 12020K, committed 12288K, reserved 1048576K
}
Event: 110.383 GC heap after
{Heap after GC invocations=25 (full 0):
 garbage-first heap   total 150528K, used 47484K [0x0000000083600000, 0x0000000100000000)
  region size 1024K, 7 young (7168K), 7 survivors (7168K)
 Metaspace       used 80141K, committed 80704K, reserved 1179648K
  class space    used 12020K, committed 12288K, reserved 1048576K
}
Event: 110.385 GC heap before
{Heap before GC invocations=25 (full 0):
 garbage-first heap   total 150528K, used 48508K [0x0000000083600000, 0x0000000100000000)
  region size 1024K, 8 young (8192K), 7 survivors (7168K)
 Metaspace       used 80141K, committed 80704K, reserved 1179648K
  class space    used 12020K, committed 12288K, reserved 1048576K
}
Event: 110.390 GC heap after
{Heap after GC invocations=26 (full 0):
 garbage-first heap   total 150528K, used 47817K [0x0000000083600000, 0x0000000100000000)
  region size 1024K, 1 young (1024K), 1 survivors (1024K)
 Metaspace       used 80141K, committed 80704K, reserved 1179648K
  class space    used 12020K, committed 12288K, reserved 1048576K
}
Event: 219.403 GC heap before
{Heap before GC invocations=26 (full 0):
 garbage-first heap   total 150528K, used 112329K [0x0000000083600000, 0x0000000100000000)
  region size 1024K, 65 young (66560K), 1 survivors (1024K)
 Metaspace       used 81884K, committed 82496K, reserved 1179648K
  class space    used 12384K, committed 12672K, reserved 1048576K
}
Event: 230.502 GC heap after
{Heap after GC invocations=27 (full 0):
 garbage-first heap   total 150528K, used 49662K [0x0000000083600000, 0x0000000100000000)
  region size 1024K, 3 young (3072K), 3 survivors (3072K)
 Metaspace       used 81884K, committed 82496K, reserved 1179648K
  class space    used 12384K, committed 12672K, reserved 1048576K
}
Event: 272.267 GC heap before
{Heap before GC invocations=27 (full 0):
 garbage-first heap   total 150528K, used 53758K [0x0000000083600000, 0x0000000100000000)
  region size 1024K, 7 young (7168K), 3 survivors (3072K)
 Metaspace       used 81884K, committed 82496K, reserved 1179648K
  class space    used 12384K, committed 12672K, reserved 1048576K
}

Dll operation events (4 events):
Event: 0.203 Loaded shared library C:\Users\Cyrine\.jdks\jbr-17.0.14\bin\java.dll
Event: 0.263 Loaded shared library C:\Users\Cyrine\.jdks\jbr-17.0.14\bin\jsvml.dll
Event: 0.464 Loaded shared library C:\Users\Cyrine\.jdks\jbr-17.0.14\bin\zip.dll
Event: 74.273 Loaded shared library C:\Users\Cyrine\.jdks\jbr-17.0.14\bin\verify.dll

Deoptimization events (8 events):
Event: 7.373 Thread 0x0000020bd58be180 DEOPT PACKING pc=0x0000020b852fa3b4 sp=0x000000e36e3fb050
Event: 7.373 Thread 0x0000020bd58be180 DEOPT UNPACKING pc=0x0000020b84ce7143 sp=0x000000e36e3fa5d8 mode 0
Event: 7.373 Thread 0x0000020bd58be180 DEOPT PACKING pc=0x0000020b8528ccec sp=0x000000e36e3fb230
Event: 7.373 Thread 0x0000020bd58be180 DEOPT UNPACKING pc=0x0000020b84ce7143 sp=0x000000e36e3fa6f0 mode 0
Event: 8.564 Thread 0x0000020bd58be180 DEOPT PACKING pc=0x0000020b850c9781 sp=0x000000e36e3fdc00
Event: 8.564 Thread 0x0000020bd58be180 DEOPT UNPACKING pc=0x0000020b84ce7143 sp=0x000000e36e3fd090 mode 3
Event: 8.565 Thread 0x0000020bd57ce260 DEOPT PACKING pc=0x0000020b8501e117 sp=0x000000e36e6feea0
Event: 8.565 Thread 0x0000020bd57ce260 DEOPT UNPACKING pc=0x0000020b84ce7143 sp=0x000000e36e6fe2f8 mode 3

Classes loaded (20 events):
Event: 110.725 Loading class com/sun/beans/util/Cache$Kind
Event: 110.726 Loading class com/sun/beans/util/Cache$Kind done
Event: 110.726 Loading class com/sun/beans/util/Cache$Kind$1
Event: 110.726 Loading class com/sun/beans/util/Cache$Kind$1 done
Event: 110.726 Loading class com/sun/beans/util/Cache$Kind$2
Event: 110.726 Loading class com/sun/beans/util/Cache$Kind$2 done
Event: 110.726 Loading class com/sun/beans/util/Cache$Kind$3
Event: 110.726 Loading class com/sun/beans/util/Cache$Kind$3 done
Event: 110.726 Loading class com/sun/beans/util/Cache$CacheEntry
Event: 110.726 Loading class com/sun/beans/util/Cache$CacheEntry done
Event: 111.136 Loading class javax/management/remote/rmi/RMIConnectionImpl$6
Event: 111.137 Loading class javax/management/remote/rmi/RMIConnectionImpl$6 done
Event: 111.137 Loading class javax/management/remote/rmi/RMIConnectionImpl$7
Event: 111.137 Loading class javax/management/remote/rmi/RMIConnectionImpl$7 done
Event: 111.137 Loading class com/sun/jmx/remote/util/OrderClassLoaders
Event: 111.137 Loading class com/sun/jmx/remote/util/OrderClassLoaders done
Event: 111.138 Loading class javax/management/remote/rmi/RMIConnectionImpl$SetCcl
Event: 111.138 Loading class javax/management/remote/rmi/RMIConnectionImpl$SetCcl done
Event: 111.138 Loading class java/rmi/MarshalledObject$MarshalledObjectInputStream
Event: 111.138 Loading class java/rmi/MarshalledObject$MarshalledObjectInputStream done

Classes unloaded (20 events):
Event: 77.924 Thread 0x0000020b8f743d00 Unloading class 0x0000020b9116a400 'java/lang/invoke/LambdaForm$DMH+0x0000020b9116a400'
Event: 77.924 Thread 0x0000020b8f743d00 Unloading class 0x0000020b91169c00 'java/lang/invoke/LambdaForm$DMH+0x0000020b91169c00'
Event: 77.924 Thread 0x0000020b8f743d00 Unloading class 0x0000020b91169400 'java/lang/invoke/LambdaForm$DMH+0x0000020b91169400'
Event: 77.924 Thread 0x0000020b8f743d00 Unloading class 0x0000020b91168000 'java/lang/invoke/LambdaForm$MH+0x0000020b91168000'
Event: 77.924 Thread 0x0000020b8f743d00 Unloading class 0x0000020b91167c00 'java/lang/invoke/LambdaForm$MH+0x0000020b91167c00'
Event: 77.925 Thread 0x0000020b8f743d00 Unloading class 0x0000020b91166000 'java/lang/invoke/LambdaForm$MH+0x0000020b91166000'
Event: 77.925 Thread 0x0000020b8f743d00 Unloading class 0x0000020b91164c00 'java/lang/invoke/LambdaForm$DMH+0x0000020b91164c00'
Event: 77.925 Thread 0x0000020b8f743d00 Unloading class 0x0000020b91138000 'java/lang/invoke/LambdaForm$DMH+0x0000020b91138000'
Event: 77.925 Thread 0x0000020b8f743d00 Unloading class 0x0000020b910d6000 'java/lang/invoke/LambdaForm$MH+0x0000020b910d6000'
Event: 77.925 Thread 0x0000020b8f743d00 Unloading class 0x0000020b910d5c00 'java/lang/invoke/LambdaForm$MH+0x0000020b910d5c00'
Event: 77.925 Thread 0x0000020b8f743d00 Unloading class 0x0000020b910d5800 'java/lang/invoke/LambdaForm$MH+0x0000020b910d5800'
Event: 77.925 Thread 0x0000020b8f743d00 Unloading class 0x0000020b910d5400 'java/lang/invoke/LambdaForm$MH+0x0000020b910d5400'
Event: 77.925 Thread 0x0000020b8f743d00 Unloading class 0x0000020b910d5000 'java/lang/invoke/LambdaForm$MH+0x0000020b910d5000'
Event: 77.925 Thread 0x0000020b8f743d00 Unloading class 0x0000020b910d4c00 'java/lang/invoke/LambdaForm$MH+0x0000020b910d4c00'
Event: 77.925 Thread 0x0000020b8f743d00 Unloading class 0x0000020b910d4400 'java/lang/invoke/LambdaForm$MH+0x0000020b910d4400'
Event: 77.925 Thread 0x0000020b8f743d00 Unloading class 0x0000020b910d4000 'java/lang/invoke/LambdaForm$MH+0x0000020b910d4000'
Event: 77.925 Thread 0x0000020b8f743d00 Unloading class 0x0000020b910c0800 'jdk/internal/reflect/GeneratedSerializationConstructorAccessor3'
Event: 77.925 Thread 0x0000020b8f743d00 Unloading class 0x0000020b91009000 'java/lang/invoke/LambdaForm$DMH+0x0000020b91009000'
Event: 77.925 Thread 0x0000020b8f743d00 Unloading class 0x0000020b91008800 'java/lang/invoke/LambdaForm$DMH+0x0000020b91008800'
Event: 77.925 Thread 0x0000020b8f743d00 Unloading class 0x0000020b91007c00 'jdk/internal/reflect/GeneratedConstructorAccessor1'

Classes redefined (0 events):
No events

Internal exceptions (20 events):
Event: 108.922 Thread 0x0000020bd58be180 Exception <a 'java/lang/reflect/InvocationTargetException'{0x0000000087a24da8}> (0x0000000087a24da8) 
thrown [s\src\hotspot\share\runtime\reflection.cpp, line 1134]
Event: 108.922 Thread 0x0000020bd58be180 Exception <a 'java/lang/reflect/InvocationTargetException'{0x0000000087a2ef70}> (0x0000000087a2ef70) 
thrown [s\src\hotspot\share\runtime\reflection.cpp, line 1134]
Event: 108.936 Thread 0x0000020bd58be180 Exception <a 'java/lang/reflect/InvocationTargetException'{0x00000000879a5e88}> (0x00000000879a5e88) 
thrown [s\src\hotspot\share\runtime\reflection.cpp, line 1134]
Event: 108.939 Thread 0x0000020bd58be180 Exception <a 'java/lang/reflect/InvocationTargetException'{0x00000000879d5a40}> (0x00000000879d5a40) 
thrown [s\src\hotspot\share\runtime\reflection.cpp, line 1134]
Event: 108.940 Thread 0x0000020bd58be180 Exception <a 'java/lang/reflect/InvocationTargetException'{0x00000000879e06c8}> (0x00000000879e06c8) 
thrown [s\src\hotspot\share\runtime\reflection.cpp, line 1134]
Event: 108.940 Thread 0x0000020bd58be180 Exception <a 'java/lang/reflect/InvocationTargetException'{0x00000000879ea618}> (0x00000000879ea618) 
thrown [s\src\hotspot\share\runtime\reflection.cpp, line 1134]
Event: 108.987 Thread 0x0000020bd58be180 Exception <a 'java/lang/reflect/InvocationTargetException'{0x000000008c806330}> (0x000000008c806330) 
thrown [s\src\hotspot\share\runtime\reflection.cpp, line 1134]
Event: 109.072 Thread 0x0000020bd58be180 Exception <a 'java/lang/reflect/InvocationTargetException'{0x000000008ac22a00}> (0x000000008ac22a00) 
thrown [s\src\hotspot\share\runtime\reflection.cpp, line 1134]
Event: 109.073 Thread 0x0000020bd58be180 Exception <a 'java/lang/reflect/InvocationTargetException'{0x000000008ac2e4f8}> (0x000000008ac2e4f8) 
thrown [s\src\hotspot\share\runtime\reflection.cpp, line 1134]
Event: 109.075 Thread 0x0000020bd58be180 Exception <a 'java/lang/reflect/InvocationTargetException'{0x000000008ac3de60}> (0x000000008ac3de60) 
thrown [s\src\hotspot\share\runtime\reflection.cpp, line 1134]
Event: 109.076 Thread 0x0000020bd58be180 Exception <a 'java/lang/reflect/InvocationTargetException'{0x000000008ac48a50}> (0x000000008ac48a50) 
thrown [s\src\hotspot\share\runtime\reflection.cpp, line 1134]
Event: 109.504 Thread 0x0000020bd58be180 Exception <a 'java/io/FileNotFoundException'{0x0000000089869cc8}> (0x0000000089869cc8) 
thrown [s\src\hotspot\share\prims\jni.cpp, line 531]
Event: 109.505 Thread 0x0000020bd58be180 Exception <a 'java/io/FileNotFoundException'{0x0000000089875148}> (0x0000000089875148) 
thrown [s\src\hotspot\share\prims\jni.cpp, line 531]
Event: 109.923 Thread 0x0000020bd58be180 Exception <a 'java/lang/IncompatibleClassChangeError'{0x00000000882cf830}: Found class java.lang.Object, but interface was expected> (0x00000000882cf830) 
thrown [s\src\hotspot\share\interpreter\linkResolver.cpp, line 838]
Event: 110.050 Thread 0x0000020bd58be180 Exception <a 'java/lang/NoSuchMethodError'{0x000000008759d548}: 'int java.lang.invoke.DirectMethodHandle$Holder.invokeStaticInit(java.lang.Object, java.lang.Object, java.lang.Object, java.lang.Object)'> (0x000000008759d548) 
thrown [s\src\hotspot\share\interpreter\linkResolver.cpp, line 771]
Event: 110.148 Thread 0x0000020bd58be180 Exception <a 'java/lang/IncompatibleClassChangeError'{0x000000008c761378}: Found class java.lang.Object, but interface was expected> (0x000000008c761378) 
thrown [s\src\hotspot\share\interpreter\linkResolver.cpp, line 838]
Event: 110.479 Thread 0x0000020bd58be180 Exception <a 'java/lang/NoSuchMethodError'{0x000000008a7a0010}: 'java.lang.Object java.lang.invoke.Invokers$Holder.invoke_MT(java.lang.Object, java.lang.Object, java.lang.Object, java.lang.Object, java.lang.Object, java.lang.Object, java.lang.Object, java.lang.Object, java.lang.Object, java.lang.Object, java.lang.Object)'> (0x000000008a7a0010) 
thrown [s\src\hotspot\share\interpreter\linkResolver.cpp, line 771]
Event: 110.606 Thread 0x0000020bd58be180 Exception <a 'java/lang/NoSuchMethodError'{0x0000000089f41ed0}: 'java.lang.Object java.lang.invoke.DirectMethodHandle$Holder.newInvokeSpecial(java.lang.Object, java.lang.Object, int, java.lang.Object, java.lang.Object)'> (0x0000000089f41ed0) 
thrown [s\src\hotspot\share\interpreter\linkResolver.cpp, line 771]
Event: 110.657 Thread 0x0000020bd58be180 Exception <a 'java/lang/NoSuchMethodError'{0x0000000089988e60}: 'java.lang.Object java.lang.invoke.DirectMethodHandle$Holder.invokeInterface(java.lang.Object, java.lang.Object, java.lang.Object, java.lang.Object)'> (0x0000000089988e60) 
thrown [s\src\hotspot\share\interpreter\linkResolver.cpp, line 771]
Event: 110.665 Thread 0x0000020bd58be180 Exception <a 'java/lang/IncompatibleClassChangeError'{0x000000008980db80}: Found class java.lang.Object, but interface was expected> (0x000000008980db80) 
thrown [s\src\hotspot\share\interpreter\linkResolver.cpp, line 838]

VM Operations (20 events):
Event: 110.605 Executing VM operation: HandshakeAllThreads done
Event: 111.140 Executing VM operation: HandshakeAllThreads
Event: 111.140 Executing VM operation: HandshakeAllThreads done
Event: 112.146 Executing VM operation: Cleanup
Event: 112.146 Executing VM operation: Cleanup done
Event: 120.326 Executing VM operation: HandshakeAllThreads
Event: 120.338 Executing VM operation: HandshakeAllThreads done
Event: 135.424 Executing VM operation: Cleanup
Event: 135.424 Executing VM operation: Cleanup done
Event: 168.645 Executing VM operation: Cleanup
Event: 168.645 Executing VM operation: Cleanup done
Event: 182.737 Executing VM operation: Cleanup
Event: 182.737 Executing VM operation: Cleanup done
Event: 190.817 Executing VM operation: Cleanup
Event: 190.817 Executing VM operation: Cleanup done
Event: 218.579 Executing VM operation: G1CollectForAllocation
Event: 230.502 Executing VM operation: G1CollectForAllocation done
Event: 262.715 Executing VM operation: Cleanup
Event: 262.716 Executing VM operation: Cleanup done
Event: 271.566 Executing VM operation: G1CollectForAllocation

Memory protections (0 events):
No events

Nmethod flushes (0 events):
No events

Events (20 events):
Event: 110.612 Thread 0x0000020bd58be180 Thread added: 0x0000020bdc0b4ab0
Event: 110.612 Thread 0x0000020bd58be180 Thread added: 0x0000020bdc0b7330
Event: 110.613 Thread 0x0000020bd58be180 Thread added: 0x0000020bdc0b6e20
Event: 110.620 Thread 0x0000020bd58be180 Thread added: 0x0000020bdc0b3b80
Event: 110.622 Thread 0x0000020bd58be180 Thread added: 0x0000020bdc0b9190
Event: 110.723 Thread 0x0000020bd58be180 Thread exited: 0x0000020bd58be180
Event: 110.726 Thread 0x0000020bd53fe5b0 Thread exited: 0x0000020bd53fe5b0
Event: 110.728 Thread 0x0000020b8149ee00 Thread exited: 0x0000020b8149ee00
Event: 110.728 Thread 0x0000020bdc0baff0 Thread added: 0x0000020bdc0baff0
Event: 111.068 Thread 0x0000020bd5b462a0 Thread added: 0x0000020bdc0baae0
Event: 111.111 Thread 0x0000020bd5b462a0 Thread added: 0x0000020bdc0b96a0
Event: 111.112 Thread 0x0000020bdc0baae0 Thread exited: 0x0000020bdc0baae0
Event: 111.141 Thread 0x0000020bdc0b96a0 Thread exited: 0x0000020bdc0b96a0
Event: 111.190 Thread 0x0000020bd5b46cc0 Thread added: 0x0000020bdc0b8c80
Event: 111.205 Thread 0x0000020bdc0b8c80 Thread exited: 0x0000020bdc0b8c80
Event: 112.249 Thread 0x0000020bd6d870f0 Thread exited: 0x0000020bd6d870f0
Event: 112.249 Thread 0x0000020bd6d86bd0 Thread exited: 0x0000020bd6d86bd0
Event: 116.629 Thread 0x0000020bd6d9f070 Thread exited: 0x0000020bd6d9f070
Event: 139.868 Thread 0x0000020bd5b45d90 Thread exited: 0x0000020bd5b45d90
Event: 195.867 Thread 0x0000020bd5b462a0 Thread exited: 0x0000020bd5b462a0


Dynamic libraries:
0x00007ff760a90000 - 0x00007ff760a9a000 	C:\Users\Cyrine\.jdks\jbr-17.0.14\bin\java.exe
0x00007fffdda80000 - 0x00007fffddce8000 	C:\WINDOWS\SYSTEM32\ntdll.dll
0x00007fffdd450000 - 0x00007fffdd519000 	C:\WINDOWS\System32\KERNEL32.DLL
0x00007fffdad00000 - 0x00007fffdb0f2000 	C:\WINDOWS\System32\KERNELBASE.dll
0x00007fffdb100000 - 0x00007fffdb24b000 	C:\WINDOWS\System32\ucrtbase.dll
0x00007fffd2f20000 - 0x00007fffd2f3b000 	C:\Users\Cyrine\.jdks\jbr-17.0.14\bin\VCRUNTIME140.dll
0x00007fffd5770000 - 0x00007fffd5787000 	C:\Users\Cyrine\.jdks\jbr-17.0.14\bin\jli.dll
0x00007fffdc3e0000 - 0x00007fffdc5a5000 	C:\WINDOWS\System32\USER32.dll
0x00007fffdac10000 - 0x00007fffdac37000 	C:\WINDOWS\System32\win32u.dll
0x00007fffdd8a0000 - 0x00007fffdd8cb000 	C:\WINDOWS\System32\GDI32.dll
0x00007fffdb670000 - 0x00007fffdb79d000 	C:\WINDOWS\System32\gdi32full.dll
0x00007fffdb7a0000 - 0x00007fffdb843000 	C:\WINDOWS\System32\msvcp_win.dll
0x00007fffba010000 - 0x00007fffba2a3000 	C:\WINDOWS\WinSxS\amd64_microsoft.windows.common-controls_6595b64144ccf1df_6.0.26100.6899_none_3e0efeeae32e88c1\COMCTL32.dll
0x00007fffdcd60000 - 0x00007fffdce09000 	C:\WINDOWS\System32\msvcrt.dll
0x00007fffdd410000 - 0x00007fffdd43f000 	C:\WINDOWS\System32\IMM32.DLL
0x0000000062670000 - 0x000000006267c000 	C:\Program Files (x86)\360\Total Security\safemon\SafeWrapper.dll
0x00007fffdc5b0000 - 0x00007fffdc664000 	C:\WINDOWS\System32\ADVAPI32.dll
0x00007fffdd8d0000 - 0x00007fffdd976000 	C:\WINDOWS\System32\sechost.dll
0x00007fffdcef0000 - 0x00007fffdd008000 	C:\WINDOWS\System32\RPCRT4.dll
0x00007fff66960000 - 0x00007fff66a0c000 	C:\Program Files (x86)\360\Total Security\safemon\libzdtp64.dll
0x00007fffdb860000 - 0x00007fffdbfad000 	C:\WINDOWS\System32\SHELL32.dll
0x00007fffdb250000 - 0x00007fffdb3bb000 	C:\WINDOWS\System32\wintypes.dll
0x00007fffdc060000 - 0x00007fffdc3db000 	C:\WINDOWS\System32\combase.dll
0x00007fffdd980000 - 0x00007fffdd9e2000 	C:\WINDOWS\System32\SHLWAPI.dll
0x00007fffda500000 - 0x00007fffda50b000 	C:\WINDOWS\SYSTEM32\VERSION.dll
0x00007fffd2f10000 - 0x00007fffd2f1c000 	C:\Users\Cyrine\.jdks\jbr-17.0.14\bin\vcruntime140_1.dll
0x00007fffc1760000 - 0x00007fffc17ed000 	C:\Users\Cyrine\.jdks\jbr-17.0.14\bin\msvcp140.dll
0x00007fff5ae80000 - 0x00007fff5bb0e000 	C:\Users\Cyrine\.jdks\jbr-17.0.14\bin\server\jvm.dll
0x00007fffdd520000 - 0x00007fffdd594000 	C:\WINDOWS\System32\WS2_32.dll
0x00007fffdaa70000 - 0x00007fffdaace000 	C:\WINDOWS\SYSTEM32\POWRPROF.dll
0x00007fffc59a0000 - 0x00007fffc59d5000 	C:\WINDOWS\SYSTEM32\WINMM.dll
0x00007fffdaa50000 - 0x00007fffdaa64000 	C:\WINDOWS\SYSTEM32\UMPDC.dll
0x00007fffd9970000 - 0x00007fffd998b000 	C:\WINDOWS\SYSTEM32\kernel.appcore.dll
0x00007fffcdc20000 - 0x00007fffcdc2a000 	C:\Users\Cyrine\.jdks\jbr-17.0.14\bin\jimage.dll
0x00007fffd82a0000 - 0x00007fffd84e2000 	C:\WINDOWS\SYSTEM32\DBGHELP.DLL
0x00007fffdce10000 - 0x00007fffdcee7000 	C:\WINDOWS\System32\OLEAUT32.dll
0x00007fffb1690000 - 0x00007fffb16cc000 	C:\WINDOWS\SYSTEM32\dbgcore.DLL
0x00007fffdb450000 - 0x00007fffdb4e8000 	C:\WINDOWS\System32\bcryptPrimitives.dll
0x00007fffbab00000 - 0x00007fffbab0e000 	C:\Users\Cyrine\.jdks\jbr-17.0.14\bin\instrument.dll
0x00007fffcdbf0000 - 0x00007fffcdc15000 	C:\Users\Cyrine\.jdks\jbr-17.0.14\bin\java.dll
0x00007fff61db0000 - 0x00007fff61e87000 	C:\Users\Cyrine\.jdks\jbr-17.0.14\bin\jsvml.dll
0x00007fffd86c0000 - 0x00007fffd8f1d000 	C:\WINDOWS\SYSTEM32\windows.storage.dll
0x00007fffdd690000 - 0x00007fffdd782000 	C:\WINDOWS\System32\SHCORE.dll
0x00007fffdab00000 - 0x00007fffdab29000 	C:\WINDOWS\SYSTEM32\profapi.dll
0x00007fffc1890000 - 0x00007fffc18a8000 	C:\Users\Cyrine\.jdks\jbr-17.0.14\bin\zip.dll
0x00007fffc1870000 - 0x00007fffc1889000 	C:\Users\Cyrine\.jdks\jbr-17.0.14\bin\net.dll
0x00007fffcd640000 - 0x00007fffcd75f000 	C:\WINDOWS\SYSTEM32\WINHTTP.dll
0x00007fffd9ee0000 - 0x00007fffd9f4b000 	C:\WINDOWS\system32\mswsock.dll
0x00007fffb57c0000 - 0x00007fffb57d6000 	C:\Users\Cyrine\.jdks\jbr-17.0.14\bin\nio.dll
0x00007fffd9420000 - 0x00007fffd9546000 	C:\WINDOWS\SYSTEM32\DNSAPI.dll
0x00007fffd9390000 - 0x00007fffd93c4000 	C:\WINDOWS\SYSTEM32\IPHLPAPI.DLL
0x00007fffdb850000 - 0x00007fffdb85a000 	C:\WINDOWS\System32\NSI.dll
0x00007fffcdd30000 - 0x00007fffcdd39000 	C:\Users\Cyrine\.jdks\jbr-17.0.14\bin\extnet.dll
0x00007fffcbbd0000 - 0x00007fffcbbdb000 	C:\Windows\System32\rasadhlp.dll
0x00007fffcd240000 - 0x00007fffcd2c6000 	C:\WINDOWS\System32\fwpuclnt.dll
0x00007fffc1750000 - 0x00007fffc1759000 	C:\Users\Cyrine\.jdks\jbr-17.0.14\bin\management.dll
0x00007fffc0df0000 - 0x00007fffc0dfb000 	C:\Users\Cyrine\.jdks\jbr-17.0.14\bin\management_ext.dll
0x00007fffdd5a0000 - 0x00007fffdd5a8000 	C:\WINDOWS\System32\PSAPI.DLL
0x00007fffda1a0000 - 0x00007fffda1bb000 	C:\WINDOWS\SYSTEM32\CRYPTSP.dll
0x00007fffd98d0000 - 0x00007fffd990b000 	C:\WINDOWS\system32\rsaenh.dll
0x00007fffd9f80000 - 0x00007fffd9fab000 	C:\WINDOWS\SYSTEM32\USERENV.dll
0x00007fffdab30000 - 0x00007fffdab56000 	C:\WINDOWS\SYSTEM32\bcrypt.dll
0x00007fffda190000 - 0x00007fffda19c000 	C:\WINDOWS\SYSTEM32\CRYPTBASE.dll
0x00007fffd2c90000 - 0x00007fffd2cae000 	C:\WINDOWS\SYSTEM32\dhcpcsvc6.DLL
0x00007fffcd550000 - 0x00007fffcd573000 	C:\WINDOWS\SYSTEM32\dhcpcsvc.DLL
0x00007fffaace0000 - 0x00007fffaacf8000 	C:\WINDOWS\system32\napinsp.dll
0x00007fffaacc0000 - 0x00007fffaacd2000 	C:\WINDOWS\System32\winrnr.dll
0x00007fffaabe0000 - 0x00007fffaac08000 	C:\WINDOWS\system32\nlansp_c.dll
0x00007fffaabc0000 - 0x00007fffaabd6000 	C:\WINDOWS\system32\wshbth.dll
0x00007fffcdd40000 - 0x00007fffcdd4e000 	C:\Users\Cyrine\.jdks\jbr-17.0.14\bin\sunmscapi.dll
0x00007fffdb4f0000 - 0x00007fffdb667000 	C:\WINDOWS\System32\CRYPT32.dll
0x00007fffda3b0000 - 0x00007fffda3e0000 	C:\WINDOWS\SYSTEM32\ncrypt.dll
0x00007fffda360000 - 0x00007fffda39f000 	C:\WINDOWS\SYSTEM32\NTASN1.dll
0x00007fffb56d0000 - 0x00007fffb56e0000 	C:\Users\Cyrine\.jdks\jbr-17.0.14\bin\verify.dll
0x00007fff1a890000 - 0x00007fff1a898000 	C:\WINDOWS\system32\wshunix.dll

dbghelp: loaded successfully - version: 4.0.5 - missing functions: none
symbol engine: initialized successfully - sym options: 0x614 - pdb path: .;C:\Users\Cyrine\.jdks\jbr-17.0.14\bin;C:\WINDOWS\SYSTEM32;C:\WINDOWS\WinSxS\amd64_microsoft.windows.common-controls_6595b64144ccf1df_6.0.26100.6899_none_3e0efeeae32e88c1;C:\Program Files (x86)\360\Total Security\safemon;C:\Users\Cyrine\.jdks\jbr-17.0.14\bin\server

VM Arguments:
jvm_args: -XX:TieredStopAtLevel=1 -Dspring.output.ansi.enabled=always -Dcom.sun.management.jmxremote -Dspring.jmx.enabled=true -Dspring.liveBeansView.mbeanDomain -Dspring.application.admin.enabled=true -Dmanagement.endpoints.jmx.exposure.include=* -javaagent:C:\Program Files\JetBrains\IntelliJ IDEA 2025.2.2\lib\idea_rt.jar=56671 -Dfile.encoding=UTF-8 
java_command: tn.esprit.ruya.RUyaApplication
java_class_path (initial): C:\Users\Cyrine\Desktop\projet attijarii\RUya-mainF\RUya-main\RUya\RUya\target\classes;C:\Users\Cyrine\.m2\repository\org\springframework\boot\spring-boot-starter-web\3.5.3\spring-boot-starter-web-3.5.3.jar;C:\Users\Cyrine\.m2\repository\org\springframework\boot\spring-boot-starter\3.5.3\spring-boot-starter-3.5.3.jar;C:\Users\Cyrine\.m2\repository\org\springframework\boot\spring-boot-starter-logging\3.5.3\spring-boot-starter-logging-3.5.3.jar;C:\Users\Cyrine\.m2\repository\ch\qos\logback\logback-classic\1.5.18\logback-classic-1.5.18.jar;C:\Users\Cyrine\.m2\repository\ch\qos\logback\logback-core\1.5.18\logback-core-1.5.18.jar;C:\Users\Cyrine\.m2\repository\org\apache\logging\log4j\log4j-to-slf4j\2.24.3\log4j-to-slf4j-2.24.3.jar;C:\Users\Cyrine\.m2\repository\org\apache\logging\log4j\log4j-api\2.24.3\log4j-api-2.24.3.jar;C:\Users\Cyrine\.m2\repository\org\slf4j\jul-to-slf4j\2.0.17\jul-to-slf4j-2.0.17.jar;C:\Users\Cyrine\.m2\repository\jakarta\annotation\jakarta.annotation-api\2.1.1\jakarta.annotation-api-2.1.1.jar;C:\Users\Cyrine\.m2\repository\org\yaml\snakeyaml\2.4\snakeyaml-2.4.jar;C:\Users\Cyrine\.m2\repository\org\springframework\boot\spring-boot-starter-json\3.5.3\spring-boot-starter-json-3.5.3.jar;C:\Users\Cyrine\.m2\repository\com\fasterxml\jackson\core\jackson-databind\2.19.1\jackson-databind-2.19.1.jar;C:\Users\Cyrine\.m2\repository\com\fasterxml\jackson\core\jackson-annotations\2.19.1\jackson-annotations-2.19.1.jar;C:\Users\Cyrine\.m2\repository\com\fasterxml\jackson\core\jackson-core\2.19.1\jackson-core-2.19.1.jar;C:\Users\Cyrine\.m2\repository\com\fasterxml\jackson\datatype\jackson-datatype-jdk8\2.19.1\jackson-datatype-jdk8-2.19.1.jar;C:\Users\Cyrine\.m2\repository\com\fasterxml\jackson\datatype\jackson-datatype-jsr310\2.19.1\jackson-datatype-jsr310-2.19.1.jar;C:\Users\Cyrine\.m2\repository\com\fasterxml\jackson\module\jackson-module-parameter-names\2.19.1\jackson-module-parameter-names-2.19.1.jar;C:\Users\Cyrine\.m2\repositor
Launcher Type: SUN_STANDARD

[Global flags]
     intx CICompilerCount                          = 4                                         {product} {ergonomic}
     uint ConcGCThreads                            = 2                                         {product} {ergonomic}
     uint G1ConcRefinementThreads                  = 8                                         {product} {ergonomic}
   size_t G1HeapRegionSize                         = 1048576                                   {product} {ergonomic}
    uintx GCDrainStackTargetSize                   = 64                                        {product} {ergonomic}
   size_t InitialHeapSize                          = 132120576                                 {product} {ergonomic}
     bool ManagementServer                         = true                                      {product} {command line}
   size_t MarkStackSize                            = 4194304                                   {product} {ergonomic}
   size_t MaxHeapSize                              = 2090860544                                {product} {ergonomic}
   size_t MaxNewSize                               = 1254096896                                {product} {ergonomic}
   size_t MinHeapDeltaBytes                        = 1048576                                   {product} {ergonomic}
   size_t MinHeapSize                              = 8388608                                   {product} {ergonomic}
    uintx NonProfiledCodeHeapSize                  = 0                                      {pd product} {ergonomic}
     bool ProfileInterpreter                       = false                                  {pd product} {command line}
    uintx ProfiledCodeHeapSize                     = 0                                      {pd product} {ergonomic}
   size_t SoftMaxHeapSize                          = 2090860544                             {manageable} {ergonomic}
     intx TieredStopAtLevel                        = 1                                         {product} {command line}
     bool UseCompressedClassPointers               = true                           {product lp64_product} {ergonomic}
     bool UseCompressedOops                        = true                           {product lp64_product} {ergonomic}
     bool UseG1GC                                  = true                                      {product} {ergonomic}
     bool UseLargePagesIndividualAllocation        = false                                  {pd product} {ergonomic}

Logging:
Log output configuration:
 #0: stdout all=warning uptime,level,tags
 #1: stderr all=off uptime,level,tags

Environment Variables:
JAVA_HOME=C:\Users\Cyrine\AppData\Local\Android\Sdk
PATH=C:\Program Files (x86)\VMware\VMware Workstation\bin\;C:\Program Files\nodejs;C:\Program Files\cursor\resources\app\bin;C:\Program Files\Microsoft SQL Server\150\Tools\Binn\;C:\Program Files\Microsoft SQL Server\Client SDK\ODBC\170\Tools\Binn\;C:\Program Files\dotnet\;C:\Program Files\Git\cmd;C:\Users\Cyrine\AppData\Local\Programs\Eclipse Adoptium\jdk-21.0.6.7-hotspot\bin;C:\Users\Cyrine\scoop\shims;C:\Python\Python310\Scripts\;C:\Python\Python310\;C:\Users\Cyrine\AppData\Local\Microsoft\WindowsApps;C:\Users\Cyrine\AppData\Local\Programs\Microsoft VS Code\bin;C:\ProgramData\Cyrine\GitHubDesktop\bin;C:\Users\Cyrine\AppData\Local\GitHubDesktop\bin;C:\Program Files\CMake\bin;C:\Users\Cyrine\AppData\Roaming\Composer\vendor\bin;C:\Users\Cyrine\AppData\Local\Android\Sdk\platform-tools;C:\Users\Cyrine\AppData\Local\Android\Sdk\tools;C:\Users\Skander\.jdks\jbr-17.0.8\bin;C:\flutter\bin;C:\Users\Cyrine\AppData\Roaming\npm;C:\Users\Cyrine\AppData\Local\Programs\Windsurf\bin;C:\Users\Cyrine\AppData\Local\Programs\cursor\resources\app\bin;C:\Users\Cyrine\.dotnet\tools;C:\Program Files\JetBrains\IntelliJ IDEA 2025.2.2\bin
USERNAME=Cyrine
OS=Windows_NT
PROCESSOR_IDENTIFIER=Intel64 Family 6 Model 165 Stepping 2, GenuineIntel
TMP=C:\Users\Cyrine\AppData\Local\Temp
TEMP=C:\Users\Cyrine\AppData\Local\Temp



Periodic native trim disabled

JNI global refs:
JNI global refs: 18, weak refs: 0

JNI global refs memory usage: 843, weak refs: 841

Process memory usage:
Resident Set Size: 94112K (1% of 8159348K total physical memory with 718544K free physical memory)

OOME stack traces (most recent first):
Classloader memory used:
Loader jdk.internal.loader.ClassLoaders$AppClassLoader                                 : 8773K
Loader bootstrap                                                                       : 1219K
Loader org.springframework.boot.devtools.restart.classloader.RestartClassLoader        : 139K
Loader jdk.internal.loader.ClassLoaders$PlatformClassLoader                            : 67488B
Loader jdk.internal.reflect.DelegatingClassLoader                                      : 37704B
Loader sun.reflect.misc.MethodUtil                                                     : 373B
Loader net.bytebuddy.utility.dispatcher.JavaDispatcher$DynamicClassLoader              : 231B

Classes loaded by more than one classloader:
Class tn.esprit.ruya.RUyaApplication                                                  : loaded 2 times (x 69B)


---------------  S Y S T E M  ---------------

OS:
 Windows 11 , 64 bit Build 26100 (10.0.26100.6725)
OS uptime: 0 days 0:21 hours

CPU: total 8 (initial active 8) (4 cores per cpu, 2 threads per core) family 6 model 165 stepping 2 microcode 0xf0, cx8, cmov, fxsr, ht, mmx, 3dnowpref, sse, sse2, sse3, ssse3, sse4.1, sse4.2, popcnt, lzcnt, tsc, tscinvbit, avx, avx2, aes, erms, clmul, bmi1, bmi2, adx, fma, vzeroupper, clflush, clflushopt
Processor Information for all 8 processors :
  Max Mhz: 2496, Current Mhz: 2496, Mhz Limit: 2496

Memory: 4k page, system-wide physical 7968M (647M free)
TotalPageFile size 32522M (AvailPageFile size 137M)
current process WorkingSet (physical memory assigned to process): 114M, peak: 289M
current process commit charge ("private bytes"): 400M, peak: 617M

vm_info: OpenJDK 64-Bit Server VM (17.0.14+1-b1367.22) for windows-amd64 JRE (17.0.14+1-b1367.22), built on 2025-01-30 by "builduser" with MS VC++ 16.10 / 16.11 (VS2019)

END.
