#
# There is insufficient memory for the Java Runtime Environment to continue.
# Native memory allocation (malloc) failed to allocate 32744 bytes. Error detail: ChunkPool::allocate
# Possible reasons:
#   The system is out of physical RAM or swap space
#   This process is running with CompressedOops enabled, and the Java Heap may be blocking the growth of the native heap
# Possible solutions:
#   Reduce memory load on the system
#   Increase physical memory or swap space
#   Check if swap backing store is full
#   Decrease Java heap size (-Xmx/-Xms)
#   Decrease number of Java threads
#   Decrease Java thread stack sizes (-Xss)
#   Set larger code cache with -XX:ReservedCodeCacheSize=
#   JVM is running with Unscaled Compressed Oops mode in which the Java heap is
#     placed in the first 4GB address space. The Java Heap base address is the
#     maximum limit for the native heap growth. Please use -XX:HeapBaseMinAddress
#     to set the Java Heap base and to place the Java Heap above 4GB virtual address.
# This output file may be truncated or incomplete.
#
#  Out of Memory Error (arena.cpp:79), pid=43428, tid=38916
#
# JRE version: OpenJDK Runtime Environment JBR-17.0.14+1-1367.22-nomod (17.0.14+1) (build 17.0.14+1-b1367.22)
# Java VM: OpenJDK 64-Bit Server VM JBR-17.0.14+1-1367.22-nomod (17.0.14+1-b1367.22, mixed mode, emulated-client, sharing, tiered, compressed oops, compressed class ptrs, g1 gc, windows-amd64)
# No core dump will be written. Minidumps are not enabled by default on client versions of Windows
#

---------------  S U M M A R Y ------------

Command Line: -XX:TieredStopAtLevel=1 -Dspring.output.ansi.enabled=always -Dcom.sun.management.jmxremote -Dspring.jmx.enabled=true -Dspring.liveBeansView.mbeanDomain -Dspring.application.admin.enabled=true -Dmanagement.endpoints.jmx.exposure.include=* -javaagent:C:\Program Files\JetBrains\IntelliJ IDEA 2024.2.1\lib\idea_rt.jar=55942:C:\Program Files\JetBrains\IntelliJ IDEA 2024.2.1\bin -Dfile.encoding=UTF-8 tn.esprit.ruya.RUyaApplication

Host: Intel(R) Core(TM) i5-10300H CPU @ 2.50GHz, 8 cores, 7G,  Windows 11 , 64 bit Build 26100 (10.0.26100.7019)
Time: Mon Nov 24 16:28:09 2025 Paris, Madrid elapsed time: 295.433939 seconds (0d 0h 4m 55s)

---------------  T H R E A D  ---------------

Current thread (0x000001f2ce17d870):  JavaThread "C1 CompilerThread2" daemon [_thread_in_native, id=38916, stack(0x0000001819000000,0x0000001819100000)]


Current CompileTask:
C1: 295476 9406       1       oracle.jdbc.driver.T4CTTIdcb::fillupAccessors (4417 bytes)

Stack: [0x0000001819000000,0x0000001819100000]
Native frames: (J=compiled Java code, j=interpreted, Vv=VM code, C=native code)
V  [jvm.dll+0x68b969]  os::platform_print_native_stack+0xd9  (os_windows_x86.cpp:235)
V  [jvm.dll+0x84572a]  VMError::report+0xc6a  (vmError.cpp:868)
V  [jvm.dll+0x8473ae]  VMError::report_and_die+0x78e  (vmError.cpp:1766)
V  [jvm.dll+0x847a13]  VMError::report_and_die+0x43  (vmError.cpp:1552)
V  [jvm.dll+0x24a83f]  report_vm_out_of_memory+0x8f  (debug.cpp:321)
V  [jvm.dll+0xacc01]  ChunkPool::allocate+0xb1  (arena.cpp:79)
V  [jvm.dll+0xad04c]  Arena::grow+0x3c  (arena.cpp:352)
V  [jvm.dll+0xb97ad]  GrowableArrayWithAllocator<Node *,GrowableArray<Node *> >::grow+0x3d  (growableArray.hpp:488)
V  [jvm.dll+0x17a25b]  LinearScan::append_interval+0x2b  (c1_LinearScan.cpp:287)
V  [jvm.dll+0x181b6f]  LinearScanWalker::split_before_usage+0x15f  (c1_LinearScan.cpp:5274)
V  [jvm.dll+0x1819f0]  LinearScanWalker::split_and_spill_interval+0xa0  (c1_LinearScan.cpp:5404)
V  [jvm.dll+0x179edf]  LinearScanWalker::alloc_locked_reg+0x43f  (c1_LinearScan.cpp:5761)
V  [jvm.dll+0x178eb6]  LinearScanWalker::activate_current+0x1a6  (c1_LinearScan.cpp:5926)
V  [jvm.dll+0x18261b]  IntervalWalker::walk_to+0x7b  (c1_LinearScan.cpp:4904)
V  [jvm.dll+0x17a0b8]  LinearScan::allocate_registers+0x1b8  (c1_LinearScan.cpp:1691)
V  [jvm.dll+0x17d7df]  LinearScan::do_linear_scan+0x6f  (c1_LinearScan.cpp:3122)
V  [jvm.dll+0x137d63]  Compilation::emit_lir+0xe3  (c1_Compilation.cpp:271)
V  [jvm.dll+0x13766f]  Compilation::compile_java_method+0x12f  (c1_Compilation.cpp:396)
V  [jvm.dll+0x1378a6]  Compilation::compile_method+0x1a6  (c1_Compilation.cpp:461)
V  [jvm.dll+0x136d3a]  Compilation::Compilation+0x19a  (c1_Compilation.cpp:582)
V  [jvm.dll+0x1389f1]  Compiler::compile_method+0xe1  (c1_Compiler.cpp:249)
V  [jvm.dll+0x22b58e]  CompileBroker::invoke_compiler_on_method+0x82e  (compileBroker.cpp:2366)
V  [jvm.dll+0x2296d5]  CompileBroker::compiler_thread_loop+0x405  (compileBroker.cpp:2027)
V  [jvm.dll+0x7f9637]  JavaThread::run+0x147  (thread.cpp:1299)
V  [jvm.dll+0x7f3a1c]  Thread::call_run+0x8c  (thread.cpp:405)
V  [jvm.dll+0x68a7c7]  thread_native_entry+0x77  (os_windows.cpp:551)
C  [ucrtbase.dll+0x37b0]
C  [KERNEL32.DLL+0x2e8d7]
C  [ntdll.dll+0x8c53c]


---------------  P R O C E S S  ---------------

Threads class SMR info:
_java_thread_list=0x000001f2c98192e0, length=38, elements={
0x000001f2ff057780, 0x000001f2ff058340, 0x000001f2ff90caa0, 0x000001f2ff90f470,
0x000001f2ff90fe30, 0x000001f2ff9107f0, 0x000001f2ff91d5e0, 0x000001f2ff9214e0,
0x000001f2ff042a30, 0x000001f2ffcf7930, 0x000001f2ffcf7e10, 0x000001f2c724b8f0,
0x000001f2c735d730, 0x000001f2c71ebdc0, 0x000001f2c85c0590, 0x000001f2c86db660,
0x000001f2c86dbb70, 0x000001f2c86d9800, 0x000001f2c86db150, 0x000001f2c86da730,
0x000001f2c86dc590, 0x000001f2c86dcaa0, 0x000001f2c86da220, 0x000001f2ce12f900,
0x000001f2ce12eee0, 0x000001f2ce12f3f0, 0x000001f2ce12e9d0, 0x000001f2ce12d590,
0x000001f2ce12daa0, 0x000001f2ce12fe10, 0x000001f2ce130320, 0x000001f2ce12dfb0,
0x000001f2ce12e4c0, 0x000001f2ce12d080, 0x000001f2ce130d40, 0x000001f2c7cafb70,
0x000001f2ce17d870, 0x000001f2ce0bdd00
}

Java Threads: ( => current thread )
  0x000001f2ff057780 JavaThread "Reference Handler" daemon [_thread_blocked, id=37396, stack(0x0000001819900000,0x0000001819a00000)]
  0x000001f2ff058340 JavaThread "Finalizer" daemon [_thread_blocked, id=24660, stack(0x0000001819a00000,0x0000001819b00000)]
  0x000001f2ff90caa0 JavaThread "Signal Dispatcher" daemon [_thread_blocked, id=39212, stack(0x0000001819b00000,0x0000001819c00000)]
  0x000001f2ff90f470 JavaThread "Attach Listener" daemon [_thread_blocked, id=25984, stack(0x0000001819c00000,0x0000001819d00000)]
  0x000001f2ff90fe30 JavaThread "Service Thread" daemon [_thread_blocked, id=36656, stack(0x0000001819d00000,0x0000001819e00000)]
  0x000001f2ff9107f0 JavaThread "Monitor Deflation Thread" daemon [_thread_blocked, id=35808, stack(0x0000001819e00000,0x0000001819f00000)]
  0x000001f2ff91d5e0 JavaThread "C1 CompilerThread0" daemon [_thread_blocked, id=6984, stack(0x0000001819f00000,0x000000181a000000)]
  0x000001f2ff9214e0 JavaThread "Sweeper thread" daemon [_thread_blocked, id=40932, stack(0x000000181a000000,0x000000181a100000)]
  0x000001f2ff042a30 JavaThread "Common-Cleaner" daemon [_thread_blocked, id=24516, stack(0x000000181a100000,0x000000181a200000)]
  0x000001f2ffcf7930 JavaThread "Monitor Ctrl-Break" daemon [_thread_in_native, id=27644, stack(0x000000181a300000,0x000000181a400000)]
  0x000001f2ffcf7e10 JavaThread "Notification Thread" daemon [_thread_blocked, id=35608, stack(0x000000181a400000,0x000000181a500000)]
  0x000001f2c724b8f0 JavaThread "RMI TCP Accept-0" daemon [_thread_in_native, id=40092, stack(0x000000181a500000,0x000000181a600000)]
  0x000001f2c735d730 JavaThread "Catalina-utility-1" [_thread_blocked, id=2248, stack(0x000000181b500000,0x000000181b600000)]
  0x000001f2c71ebdc0 JavaThread "Catalina-utility-2" [_thread_blocked, id=41116, stack(0x000000181b600000,0x000000181b700000)]
  0x000001f2c85c0590 JavaThread "container-0" [_thread_blocked, id=30052, stack(0x000000181b700000,0x000000181b800000)]
  0x000001f2c86db660 JavaThread "RMI Scheduler(0)" daemon [_thread_blocked, id=37020, stack(0x000000181b900000,0x000000181ba00000)]
  0x000001f2c86dbb70 JavaThread "oracle.jdbc.diagnostics.Diagnostic.CLOCK" daemon [_thread_blocked, id=24656, stack(0x000000181ba00000,0x000000181bb00000)]
  0x000001f2c86d9800 JavaThread "oracle.jdbc.driver.BlockSource.ThreadedCachingBlockSource.BlockReleaser" daemon [_thread_blocked, id=42424, stack(0x000000181bb00000,0x000000181bc00000)]
  0x000001f2c86db150 JavaThread "InterruptTimer" daemon [_thread_blocked, id=24200, stack(0x000000181bd00000,0x000000181be00000)]
  0x000001f2c86da730 JavaThread "HikariPool-1:housekeeper" daemon [_thread_blocked, id=36436, stack(0x000000181be00000,0x000000181bf00000)]
  0x000001f2c86dc590 JavaThread "File Watcher" daemon [_thread_blocked, id=40576, stack(0x000000181c100000,0x000000181c200000)]
  0x000001f2c86dcaa0 JavaThread "Live Reload Server" daemon [_thread_in_native, id=41364, stack(0x000000181c300000,0x000000181c400000)]
  0x000001f2c86da220 JavaThread "http-nio-8081-exec-1" daemon [_thread_blocked, id=35708, stack(0x000000181c200000,0x000000181c300000)]
  0x000001f2ce12f900 JavaThread "http-nio-8081-exec-2" daemon [_thread_blocked, id=12272, stack(0x000000181c400000,0x000000181c500000)]
  0x000001f2ce12eee0 JavaThread "http-nio-8081-exec-3" daemon [_thread_blocked, id=24028, stack(0x000000181c500000,0x000000181c600000)]
  0x000001f2ce12f3f0 JavaThread "http-nio-8081-exec-4" daemon [_thread_blocked, id=22740, stack(0x000000181c600000,0x000000181c700000)]
  0x000001f2ce12e9d0 JavaThread "http-nio-8081-exec-5" daemon [_thread_blocked, id=2692, stack(0x000000181c700000,0x000000181c800000)]
  0x000001f2ce12d590 JavaThread "http-nio-8081-exec-6" daemon [_thread_blocked, id=21512, stack(0x000000181c800000,0x000000181c900000)]
  0x000001f2ce12daa0 JavaThread "http-nio-8081-exec-7" daemon [_thread_blocked, id=14984, stack(0x000000181c900000,0x000000181ca00000)]
  0x000001f2ce12fe10 JavaThread "http-nio-8081-exec-8" daemon [_thread_blocked, id=16172, stack(0x000000181ca00000,0x000000181cb00000)]
  0x000001f2ce130320 JavaThread "http-nio-8081-exec-9" daemon [_thread_blocked, id=38460, stack(0x000000181cb00000,0x000000181cc00000)]
  0x000001f2ce12dfb0 JavaThread "http-nio-8081-exec-10" daemon [_thread_blocked, id=13340, stack(0x000000181cc00000,0x000000181cd00000)]
  0x000001f2ce12e4c0 JavaThread "http-nio-8081-Poller" daemon [_thread_in_native, id=21936, stack(0x000000181cd00000,0x000000181ce00000)]
  0x000001f2ce12d080 JavaThread "http-nio-8081-Acceptor" daemon [_thread_in_native, id=35152, stack(0x000000181cf00000,0x000000181d000000)]
  0x000001f2ce130d40 JavaThread "DestroyJavaVM" [_thread_blocked, id=28444, stack(0x0000001819200000,0x0000001819300000)]
  0x000001f2c7cafb70 JavaThread "C1 CompilerThread1" daemon [_thread_blocked, id=13456, stack(0x0000001818f00000,0x0000001819000000)]
=>0x000001f2ce17d870 JavaThread "C1 CompilerThread2" daemon [_thread_in_native, id=38916, stack(0x0000001819000000,0x0000001819100000)]
  0x000001f2ce0bdd00 JavaThread "C1 CompilerThread3" daemon [_thread_blocked, id=43980, stack(0x0000001819100000,0x0000001819200000)]

Other Threads:
  0x000001f2ff054250 VMThread "VM Thread" [stack: 0x0000001819800000,0x0000001819900000] [id=40188]
  0x000001f2f39c28b0 WatcherThread [stack: 0x000000181a600000,0x000000181a700000] [id=28188]
  0x000001f2f3a1bd00 GCTaskThread "GC Thread#0" [stack: 0x0000001819300000,0x0000001819400000] [id=37292]
  0x000001f2c75c4e90 GCTaskThread "GC Thread#1" [stack: 0x000000181a700000,0x000000181a800000] [id=20876]
  0x000001f2c75c5150 GCTaskThread "GC Thread#2" [stack: 0x000000181a800000,0x000000181a900000] [id=25132]
  0x000001f2c7622160 GCTaskThread "GC Thread#3" [stack: 0x000000181a900000,0x000000181aa00000] [id=38500]
  0x000001f2c7622420 GCTaskThread "GC Thread#4" [stack: 0x000000181aa00000,0x000000181ab00000] [id=42196]
  0x000001f2c76226e0 GCTaskThread "GC Thread#5" [stack: 0x000000181ab00000,0x000000181ac00000] [id=41912]
  0x000001f2c7624db0 GCTaskThread "GC Thread#6" [stack: 0x000000181ac00000,0x000000181ad00000] [id=22064]
  0x000001f2c7b57840 GCTaskThread "GC Thread#7" [stack: 0x000000181b300000,0x000000181b400000] [id=32692]
  0x000001f2f3a2d300 ConcurrentGCThread "G1 Main Marker" [stack: 0x0000001819400000,0x0000001819500000] [id=33084]
  0x000001f2f3a2dd20 ConcurrentGCThread "G1 Conc#0" [stack: 0x0000001819500000,0x0000001819600000] [id=27776]
  0x000001f2c801ff70 ConcurrentGCThread "G1 Conc#1" [stack: 0x000000181b200000,0x000000181b300000] [id=27376]
  0x000001f2fef076b0 ConcurrentGCThread "G1 Refine#0" [stack: 0x0000001819600000,0x0000001819700000] [id=42964]
  0x000001f2c75c5820 ConcurrentGCThread "G1 Refine#1" [stack: 0x000000181ad00000,0x000000181ae00000] [id=34252]
  0x000001f2ffae2bf0 ConcurrentGCThread "G1 Refine#2" [stack: 0x000000181ae00000,0x000000181af00000] [id=41856]
  0x000001f2fef07f80 ConcurrentGCThread "G1 Service" [stack: 0x0000001819700000,0x0000001819800000] [id=37000]

Threads with active compile tasks:
C1 CompilerThread2   296606 9406       1       oracle.jdbc.driver.T4CTTIdcb::fillupAccessors (4417 bytes)

VM state: not at safepoint (normal execution)

VM Mutex/Monitor currently owned by a thread: None

Heap address: 0x0000000083600000, size: 1994 MB, Compressed Oops mode: 32-bit

CDS archive(s) mapped at: [0x000001f282000000-0x000001f282c00000-0x000001f282c00000), size 12582912, SharedBaseAddress: 0x000001f282000000, ArchiveRelocationMode: 1.
Compressed class space mapped at: 0x000001f283000000-0x000001f2c3000000, reserved size: 1073741824
Narrow klass base: 0x000001f282000000, Narrow klass shift: 0, Narrow klass range: 0x100000000

GC Precious Log:
 CPUs: 8 total, 8 available
 Memory: 7968M
 Large Page Support: Disabled
 NUMA Support: Disabled
 Compressed Oops: Enabled (32-bit)
 Heap Region Size: 1M
 Heap Min Capacity: 8M
 Heap Initial Capacity: 126M
 Heap Max Capacity: 1994M
 Pre-touch: Disabled
 Parallel Workers: 8
 Concurrent Workers: 2
 Concurrent Refinement Workers: 8
 Periodic GC: Disabled

Heap:
 garbage-first heap   total 116736K, used 54152K [0x0000000083600000, 0x0000000100000000)
  region size 1024K, 15 young (15360K), 4 survivors (4096K)
 Metaspace       used 85579K, committed 86272K, reserved 1179648K
  class space    used 12876K, committed 13184K, reserved 1048576K

Heap Regions: E=young(eden), S=young(survivor), O=old, HS=humongous(starts), HC=humongous(continues), CS=collection set, F=free, OA=open archive, CA=closed archive, TAMS=top-at-mark-start (previous, next)
|   0|0x0000000083600000, 0x0000000083700000, 0x0000000083700000|100%|HS|  |TAMS 0x0000000083700000, 0x0000000083600000| Complete 
|   1|0x0000000083700000, 0x0000000083800000, 0x0000000083800000|100%|HS|  |TAMS 0x0000000083800000, 0x0000000083700000| Complete 
|   2|0x0000000083800000, 0x0000000083900000, 0x0000000083900000|100%| O|  |TAMS 0x0000000083900000, 0x0000000083800000| Untracked 
|   3|0x0000000083900000, 0x0000000083a00000, 0x0000000083a00000|100%| O|  |TAMS 0x0000000083a00000, 0x0000000083900000| Untracked 
|   4|0x0000000083a00000, 0x0000000083b00000, 0x0000000083b00000|100%| O|  |TAMS 0x0000000083b00000, 0x0000000083a00000| Untracked 
|   5|0x0000000083b00000, 0x0000000083c00000, 0x0000000083c00000|100%| O|  |TAMS 0x0000000083c00000, 0x0000000083b00000| Untracked 
|   6|0x0000000083c00000, 0x0000000083d00000, 0x0000000083d00000|100%| O|  |TAMS 0x0000000083d00000, 0x0000000083c00000| Untracked 
|   7|0x0000000083d00000, 0x0000000083e00000, 0x0000000083e00000|100%| O|  |TAMS 0x0000000083e00000, 0x0000000083d00000| Untracked 
|   8|0x0000000083e00000, 0x0000000083f00000, 0x0000000083f00000|100%| O|  |TAMS 0x0000000083f00000, 0x0000000083e00000| Untracked 
|   9|0x0000000083f00000, 0x0000000084000000, 0x0000000084000000|100%| O|  |TAMS 0x0000000084000000, 0x0000000083f00000| Untracked 
|  10|0x0000000084000000, 0x0000000084100000, 0x0000000084100000|100%| O|  |TAMS 0x0000000084100000, 0x0000000084000000| Untracked 
|  11|0x0000000084100000, 0x0000000084200000, 0x0000000084200000|100%| O|  |TAMS 0x0000000084200000, 0x0000000084100000| Untracked 
|  12|0x0000000084200000, 0x0000000084300000, 0x0000000084300000|100%| O|  |TAMS 0x0000000084300000, 0x0000000084200000| Untracked 
|  13|0x0000000084300000, 0x0000000084400000, 0x0000000084400000|100%| O|  |TAMS 0x0000000084400000, 0x0000000084300000| Untracked 
|  14|0x0000000084400000, 0x0000000084500000, 0x0000000084500000|100%| O|  |TAMS 0x0000000084500000, 0x0000000084400000| Untracked 
|  15|0x0000000084500000, 0x0000000084600000, 0x0000000084600000|100%| O|  |TAMS 0x0000000084600000, 0x0000000084500000| Untracked 
|  16|0x0000000084600000, 0x0000000084700000, 0x0000000084700000|100%| O|  |TAMS 0x0000000084700000, 0x0000000084600000| Untracked 
|  17|0x0000000084700000, 0x0000000084800000, 0x0000000084800000|100%| O|  |TAMS 0x0000000084800000, 0x0000000084700000| Untracked 
|  18|0x0000000084800000, 0x0000000084900000, 0x0000000084900000|100%| O|  |TAMS 0x0000000084900000, 0x0000000084800000| Untracked 
|  19|0x0000000084900000, 0x0000000084a00000, 0x0000000084a00000|100%| O|  |TAMS 0x0000000084a00000, 0x0000000084900000| Untracked 
|  20|0x0000000084a00000, 0x0000000084b00000, 0x0000000084b00000|100%| O|  |TAMS 0x0000000084b00000, 0x0000000084a00000| Untracked 
|  21|0x0000000084b00000, 0x0000000084c00000, 0x0000000084c00000|100%| O|  |TAMS 0x0000000084c00000, 0x0000000084b00000| Untracked 
|  22|0x0000000084c00000, 0x0000000084d00000, 0x0000000084d00000|100%| O|  |TAMS 0x0000000084d00000, 0x0000000084c00000| Untracked 
|  23|0x0000000084d00000, 0x0000000084e00000, 0x0000000084e00000|100%| O|  |TAMS 0x0000000084e00000, 0x0000000084d00000| Untracked 
|  24|0x0000000084e00000, 0x0000000084f00000, 0x0000000084f00000|100%| O|  |TAMS 0x0000000084f00000, 0x0000000084e00000| Untracked 
|  25|0x0000000084f00000, 0x0000000085000000, 0x0000000085000000|100%| O|  |TAMS 0x0000000085000000, 0x0000000084f00000| Untracked 
|  26|0x0000000085000000, 0x0000000085100000, 0x0000000085100000|100%| O|  |TAMS 0x0000000085100000, 0x0000000085000000| Untracked 
|  27|0x0000000085100000, 0x0000000085200000, 0x0000000085200000|100%| O|  |TAMS 0x0000000085200000, 0x0000000085100000| Untracked 
|  28|0x0000000085200000, 0x0000000085300000, 0x0000000085300000|100%| O|  |TAMS 0x0000000085300000, 0x0000000085200000| Untracked 
|  29|0x0000000085300000, 0x0000000085400000, 0x0000000085400000|100%| O|  |TAMS 0x0000000085400000, 0x0000000085300000| Untracked 
|  30|0x0000000085400000, 0x0000000085500000, 0x0000000085500000|100%| O|  |TAMS 0x0000000085500000, 0x0000000085400000| Untracked 
|  31|0x0000000085500000, 0x0000000085600000, 0x0000000085600000|100%| O|  |TAMS 0x000000008550ec00, 0x0000000085500000| Untracked 
|  32|0x0000000085600000, 0x0000000085700000, 0x0000000085700000|100%| O|  |TAMS 0x0000000085600000, 0x0000000085600000| Untracked 
|  33|0x0000000085700000, 0x0000000085800000, 0x0000000085800000|100%| O|  |TAMS 0x0000000085700000, 0x0000000085700000| Untracked 
|  34|0x0000000085800000, 0x0000000085900000, 0x0000000085900000|100%| O|  |TAMS 0x0000000085800000, 0x0000000085800000| Untracked 
|  35|0x0000000085900000, 0x0000000085a00000, 0x0000000085a00000|100%| O|  |TAMS 0x0000000085900000, 0x0000000085900000| Untracked 
|  36|0x0000000085a00000, 0x0000000085b00000, 0x0000000085b00000|100%| O|  |TAMS 0x0000000085a00000, 0x0000000085a00000| Untracked 
|  37|0x0000000085b00000, 0x0000000085c00000, 0x0000000085c00000|100%| O|  |TAMS 0x0000000085b00000, 0x0000000085b00000| Untracked 
|  38|0x0000000085c00000, 0x0000000085d00000, 0x0000000085d00000|100%| O|  |TAMS 0x0000000085c00000, 0x0000000085c00000| Untracked 
|  39|0x0000000085d00000, 0x0000000085d39600, 0x0000000085e00000| 22%| O|  |TAMS 0x0000000085d00000, 0x0000000085d00000| Untracked 
|  40|0x0000000085e00000, 0x0000000085e00000, 0x0000000085f00000|  0%| F|  |TAMS 0x0000000085e00000, 0x0000000085e00000| Untracked 
|  41|0x0000000085f00000, 0x0000000085f00000, 0x0000000086000000|  0%| F|  |TAMS 0x0000000085f00000, 0x0000000085f00000| Untracked 
|  42|0x0000000086000000, 0x0000000086000000, 0x0000000086100000|  0%| F|  |TAMS 0x0000000086000000, 0x0000000086000000| Untracked 
|  43|0x0000000086100000, 0x0000000086100000, 0x0000000086200000|  0%| F|  |TAMS 0x0000000086100000, 0x0000000086100000| Untracked 
|  44|0x0000000086200000, 0x0000000086200000, 0x0000000086300000|  0%| F|  |TAMS 0x0000000086200000, 0x0000000086200000| Untracked 
|  45|0x0000000086300000, 0x0000000086300000, 0x0000000086400000|  0%| F|  |TAMS 0x0000000086300000, 0x0000000086300000| Untracked 
|  46|0x0000000086400000, 0x0000000086400000, 0x0000000086500000|  0%| F|  |TAMS 0x0000000086400000, 0x0000000086400000| Untracked 
|  47|0x0000000086500000, 0x0000000086500000, 0x0000000086600000|  0%| F|  |TAMS 0x0000000086500000, 0x0000000086500000| Untracked 
|  48|0x0000000086600000, 0x0000000086600000, 0x0000000086700000|  0%| F|  |TAMS 0x0000000086600000, 0x0000000086600000| Untracked 
|  49|0x0000000086700000, 0x0000000086700000, 0x0000000086800000|  0%| F|  |TAMS 0x0000000086700000, 0x0000000086700000| Untracked 
|  50|0x0000000086800000, 0x0000000086800000, 0x0000000086900000|  0%| F|  |TAMS 0x0000000086800000, 0x0000000086800000| Untracked 
|  51|0x0000000086900000, 0x0000000086900000, 0x0000000086a00000|  0%| F|  |TAMS 0x0000000086900000, 0x0000000086900000| Untracked 
|  52|0x0000000086a00000, 0x0000000086a00000, 0x0000000086b00000|  0%| F|  |TAMS 0x0000000086a00000, 0x0000000086a00000| Untracked 
|  53|0x0000000086b00000, 0x0000000086b00000, 0x0000000086c00000|  0%| F|  |TAMS 0x0000000086b00000, 0x0000000086b00000| Untracked 
|  54|0x0000000086c00000, 0x0000000086c00000, 0x0000000086d00000|  0%| F|  |TAMS 0x0000000086c00000, 0x0000000086c00000| Untracked 
|  55|0x0000000086d00000, 0x0000000086da8a98, 0x0000000086e00000| 65%| S|CS|TAMS 0x0000000086d00000, 0x0000000086d00000| Complete 
|  56|0x0000000086e00000, 0x0000000086f00000, 0x0000000086f00000|100%| S|CS|TAMS 0x0000000086e00000, 0x0000000086e00000| Complete 
|  57|0x0000000086f00000, 0x0000000087000000, 0x0000000087000000|100%| S|CS|TAMS 0x0000000086f00000, 0x0000000086f00000| Complete 
|  58|0x0000000087000000, 0x0000000087000000, 0x0000000087100000|  0%| F|  |TAMS 0x0000000087000000, 0x0000000087000000| Untracked 
|  59|0x0000000087100000, 0x0000000087200000, 0x0000000087200000|100%| S|CS|TAMS 0x0000000087100000, 0x0000000087100000| Complete 
|  60|0x0000000087200000, 0x0000000087200000, 0x0000000087300000|  0%| F|  |TAMS 0x0000000087200000, 0x0000000087200000| Untracked 
|  61|0x0000000087300000, 0x0000000087300000, 0x0000000087400000|  0%| F|  |TAMS 0x0000000087300000, 0x0000000087300000| Untracked 
|  62|0x0000000087400000, 0x0000000087400000, 0x0000000087500000|  0%| F|  |TAMS 0x0000000087400000, 0x0000000087400000| Untracked 
|  63|0x0000000087500000, 0x0000000087500000, 0x0000000087600000|  0%| F|  |TAMS 0x0000000087500000, 0x0000000087500000| Untracked 
|  64|0x0000000087600000, 0x0000000087600000, 0x0000000087700000|  0%| F|  |TAMS 0x0000000087600000, 0x0000000087600000| Untracked 
|  65|0x0000000087700000, 0x0000000087700000, 0x0000000087800000|  0%| F|  |TAMS 0x0000000087700000, 0x0000000087700000| Untracked 
|  66|0x0000000087800000, 0x0000000087800000, 0x0000000087900000|  0%| F|  |TAMS 0x0000000087800000, 0x0000000087800000| Untracked 
|  67|0x0000000087900000, 0x0000000087900000, 0x0000000087a00000|  0%| F|  |TAMS 0x0000000087900000, 0x0000000087900000| Untracked 
|  68|0x0000000087a00000, 0x0000000087a00000, 0x0000000087b00000|  0%| F|  |TAMS 0x0000000087a00000, 0x0000000087a00000| Untracked 
|  69|0x0000000087b00000, 0x0000000087b00000, 0x0000000087c00000|  0%| F|  |TAMS 0x0000000087b00000, 0x0000000087b00000| Untracked 
|  70|0x0000000087c00000, 0x0000000087c00000, 0x0000000087d00000|  0%| F|  |TAMS 0x0000000087c00000, 0x0000000087c00000| Untracked 
|  71|0x0000000087d00000, 0x0000000087d00000, 0x0000000087e00000|  0%| F|  |TAMS 0x0000000087d00000, 0x0000000087d00000| Untracked 
|  72|0x0000000087e00000, 0x0000000087e00000, 0x0000000087f00000|  0%| F|  |TAMS 0x0000000087e00000, 0x0000000087e00000| Untracked 
|  73|0x0000000087f00000, 0x0000000087f00000, 0x0000000088000000|  0%| F|  |TAMS 0x0000000087f00000, 0x0000000087f00000| Untracked 
|  74|0x0000000088000000, 0x0000000088000000, 0x0000000088100000|  0%| F|  |TAMS 0x0000000088000000, 0x0000000088000000| Untracked 
|  75|0x0000000088100000, 0x0000000088100000, 0x0000000088200000|  0%| F|  |TAMS 0x0000000088100000, 0x0000000088100000| Untracked 
|  76|0x0000000088200000, 0x0000000088200000, 0x0000000088300000|  0%| F|  |TAMS 0x0000000088200000, 0x0000000088200000| Untracked 
|  77|0x0000000088300000, 0x0000000088300000, 0x0000000088400000|  0%| F|  |TAMS 0x0000000088300000, 0x0000000088300000| Untracked 
|  78|0x0000000088400000, 0x0000000088400000, 0x0000000088500000|  0%| F|  |TAMS 0x0000000088400000, 0x0000000088400000| Untracked 
|  79|0x0000000088500000, 0x0000000088500000, 0x0000000088600000|  0%| F|  |TAMS 0x0000000088500000, 0x0000000088500000| Untracked 
|  80|0x0000000088600000, 0x0000000088600000, 0x0000000088700000|  0%| F|  |TAMS 0x0000000088600000, 0x0000000088600000| Untracked 
|  81|0x0000000088700000, 0x0000000088700000, 0x0000000088800000|  0%| F|  |TAMS 0x0000000088700000, 0x0000000088700000| Untracked 
|  82|0x0000000088800000, 0x0000000088800000, 0x0000000088900000|  0%| F|  |TAMS 0x0000000088800000, 0x0000000088800000| Untracked 
|  83|0x0000000088900000, 0x0000000088900000, 0x0000000088a00000|  0%| F|  |TAMS 0x0000000088900000, 0x0000000088900000| Untracked 
|  84|0x0000000088a00000, 0x0000000088a00000, 0x0000000088b00000|  0%| F|  |TAMS 0x0000000088a00000, 0x0000000088a00000| Untracked 
|  85|0x0000000088b00000, 0x0000000088b00000, 0x0000000088c00000|  0%| F|  |TAMS 0x0000000088b00000, 0x0000000088b00000| Untracked 
|  86|0x0000000088c00000, 0x0000000088c00000, 0x0000000088d00000|  0%| F|  |TAMS 0x0000000088c00000, 0x0000000088c00000| Untracked 
|  87|0x0000000088d00000, 0x0000000088d00000, 0x0000000088e00000|  0%| F|  |TAMS 0x0000000088d00000, 0x0000000088d00000| Untracked 
|  88|0x0000000088e00000, 0x0000000088e00000, 0x0000000088f00000|  0%| F|  |TAMS 0x0000000088e00000, 0x0000000088e00000| Untracked 
|  89|0x0000000088f00000, 0x0000000088f00000, 0x0000000089000000|  0%| F|  |TAMS 0x0000000088f00000, 0x0000000088f00000| Untracked 
|  90|0x0000000089000000, 0x0000000089000000, 0x0000000089100000|  0%| F|  |TAMS 0x0000000089000000, 0x0000000089000000| Untracked 
|  91|0x0000000089100000, 0x0000000089100000, 0x0000000089200000|  0%| F|  |TAMS 0x0000000089100000, 0x0000000089100000| Untracked 
|  92|0x0000000089200000, 0x0000000089200000, 0x0000000089300000|  0%| F|  |TAMS 0x0000000089200000, 0x0000000089200000| Untracked 
|  93|0x0000000089300000, 0x0000000089300000, 0x0000000089400000|  0%| F|  |TAMS 0x0000000089300000, 0x0000000089300000| Untracked 
|  94|0x0000000089400000, 0x0000000089400000, 0x0000000089500000|  0%| F|  |TAMS 0x0000000089400000, 0x0000000089400000| Untracked 
|  95|0x0000000089500000, 0x0000000089500000, 0x0000000089600000|  0%| F|  |TAMS 0x0000000089500000, 0x0000000089500000| Untracked 
|  96|0x0000000089600000, 0x0000000089600000, 0x0000000089700000|  0%| F|  |TAMS 0x0000000089600000, 0x0000000089600000| Untracked 
|  97|0x0000000089700000, 0x0000000089700000, 0x0000000089800000|  0%| F|  |TAMS 0x0000000089700000, 0x0000000089700000| Untracked 
|  98|0x0000000089800000, 0x0000000089800000, 0x0000000089900000|  0%| F|  |TAMS 0x0000000089800000, 0x0000000089800000| Untracked 
|  99|0x0000000089900000, 0x0000000089900000, 0x0000000089a00000|  0%| F|  |TAMS 0x0000000089900000, 0x0000000089900000| Untracked 
| 100|0x0000000089a00000, 0x0000000089a00000, 0x0000000089b00000|  0%| F|  |TAMS 0x0000000089a00000, 0x0000000089a00000| Untracked 
| 101|0x0000000089b00000, 0x0000000089b00000, 0x0000000089c00000|  0%| F|  |TAMS 0x0000000089b00000, 0x0000000089b00000| Untracked 
| 102|0x0000000089c00000, 0x0000000089c00000, 0x0000000089d00000|  0%| F|  |TAMS 0x0000000089c00000, 0x0000000089c00000| Untracked 
| 103|0x0000000089d00000, 0x0000000089d8a088, 0x0000000089e00000| 53%| E|  |TAMS 0x0000000089d00000, 0x0000000089d00000| Complete 
| 104|0x0000000089e00000, 0x0000000089f00000, 0x0000000089f00000|100%| E|CS|TAMS 0x0000000089e00000, 0x0000000089e00000| Complete 
| 105|0x0000000089f00000, 0x000000008a000000, 0x000000008a000000|100%| E|CS|TAMS 0x0000000089f00000, 0x0000000089f00000| Complete 
| 106|0x000000008a000000, 0x000000008a100000, 0x000000008a100000|100%| E|CS|TAMS 0x000000008a000000, 0x000000008a000000| Complete 
| 107|0x000000008a100000, 0x000000008a200000, 0x000000008a200000|100%| E|CS|TAMS 0x000000008a100000, 0x000000008a100000| Complete 
| 108|0x000000008a200000, 0x000000008a300000, 0x000000008a300000|100%| E|CS|TAMS 0x000000008a200000, 0x000000008a200000| Complete 
| 109|0x000000008a300000, 0x000000008a400000, 0x000000008a400000|100%| E|CS|TAMS 0x000000008a300000, 0x000000008a300000| Complete 
| 110|0x000000008a400000, 0x000000008a500000, 0x000000008a500000|100%| E|CS|TAMS 0x000000008a400000, 0x000000008a400000| Complete 
| 111|0x000000008a500000, 0x000000008a600000, 0x000000008a600000|100%| E|CS|TAMS 0x000000008a500000, 0x000000008a500000| Complete 
| 112|0x000000008a600000, 0x000000008a700000, 0x000000008a700000|100%| E|CS|TAMS 0x000000008a600000, 0x000000008a600000| Complete 
| 125|0x000000008b300000, 0x000000008b400000, 0x000000008b400000|100%| E|CS|TAMS 0x000000008b300000, 0x000000008b300000| Complete 

Card table byte_map: [0x000001f2fa670000,0x000001f2faa60000] _byte_map_base: 0x000001f2fa255000

Marking Bits (Prev, Next): (CMBitMap*) 0x000001f2f3a1c360, (CMBitMap*) 0x000001f2f3a1c320
 Prev Bits: [0x000001f2fcd80000, 0x000001f2feca8000)
 Next Bits: [0x000001f2fae50000, 0x000001f2fcd78000)

Polling page: 0x000001f2f3110000

Metaspace:

Usage:
  Non-class:     71.00 MB used.
      Class:     12.57 MB used.
       Both:     83.57 MB used.

Virtual space:
  Non-class space:      128.00 MB reserved,      71.38 MB ( 56%) committed,  2 nodes.
      Class space:        1.00 GB reserved,      12.88 MB (  1%) committed,  1 nodes.
             Both:        1.12 GB reserved,      84.25 MB (  7%) committed. 

Chunk freelists:
   Non-Class:  8.34 MB
       Class:  3.16 MB
        Both:  11.50 MB

MaxMetaspaceSize: unlimited
CompressedClassSpaceSize: 1.00 GB
Initial GC threshold: 21.00 MB
Current GC threshold: 120.88 MB
CDS: on
MetaspaceReclaimPolicy: balanced
 - commit_granule_bytes: 65536.
 - commit_granule_words: 8192.
 - virtual_space_node_default_size: 8388608.
 - enlarge_chunks_in_place: 1.
 - new_chunks_are_fully_committed: 0.
 - uncommit_free_chunks: 1.
 - use_allocation_guard: 0.
 - handle_deallocations: 1.


Internal statistics:

num_allocs_failed_limit: 9.
num_arena_births: 1018.
num_arena_deaths: 0.
num_vsnodes_births: 3.
num_vsnodes_deaths: 0.
num_space_committed: 1348.
num_space_uncommitted: 0.
num_chunks_returned_to_freelist: 9.
num_chunks_taken_from_freelist: 4187.
num_chunk_merges: 9.
num_chunk_splits: 3081.
num_chunks_enlarged: 2431.
num_inconsistent_stats: 0.

CodeCache: size=49152Kb used=17782Kb max_used=17782Kb free=31369Kb
 bounds [0x000001f2f7170000, 0x000001f2f82e0000, 0x000001f2fa170000]
 total_blobs=10338 nmethods=9585 adapters=676
 compilation: enabled
              stopped_count=0, restarted_count=0
 full_count=0

Compilation events (20 events):
Event: 291.919 Thread 0x000001f2ce0bdd00 9446       1       org.hibernate.internal.SessionImpl::lambda$applyQuerySettingsAndHints$0 (20 bytes)
Event: 291.920 Thread 0x000001f2ce0bdd00 nmethod 9446 0x000001f2f756b090 code [0x000001f2f756b220, 0x000001f2f756b3b8]
Event: 291.920 Thread 0x000001f2ff91d5e0 nmethod 9445 0x000001f2f756ac10 code [0x000001f2f756adc0, 0x000001f2f756af88]
Event: 291.920 Thread 0x000001f2ce0bdd00 9447       1       org.hibernate.query.sqm.internal.ConcreteSqmSelectQueryPlan$1::getResolvedMappingModelType (17 bytes)
Event: 291.920 Thread 0x000001f2ff91d5e0 9449       1       ch.qos.logback.classic.Level::fromLocationAwareLoggerInteger (103 bytes)
Event: 291.920 Thread 0x000001f2ce0bdd00 nmethod 9447 0x000001f2f756a810 code [0x000001f2f756a9c0, 0x000001f2f756ab08]
Event: 291.920 Thread 0x000001f2ce0bdd00 9448       1       ch.qos.logback.classic.Logger::log (21 bytes)
Event: 291.921 Thread 0x000001f2ff91d5e0 nmethod 9449 0x000001f2f756a290 code [0x000001f2f756a460, 0x000001f2f756a6f8]
Event: 291.921 Thread 0x000001f2ff91d5e0 9450       1       org.hibernate.internal.util.collections.BoundedConcurrentHashMap::hash (49 bytes)
Event: 291.921 Thread 0x000001f2ff91d5e0 nmethod 9450 0x000001f2f7569f90 code [0x000001f2f756a120, 0x000001f2f756a218]
Event: 291.921 Thread 0x000001f2ff91d5e0 9451       1       tn.esprit.ruya.models.DataRowDTO::getLabel (5 bytes)
Event: 291.921 Thread 0x000001f2ff91d5e0 nmethod 9451 0x000001f2f7569c90 code [0x000001f2f7569e20, 0x000001f2f7569ef8]
Event: 291.921 Thread 0x000001f2ff91d5e0 9452       1       tn.esprit.ruya.models.DataRowDTO::getValue (5 bytes)
Event: 291.921 Thread 0x000001f2ff91d5e0 nmethod 9452 0x000001f2f7569990 code [0x000001f2f7569b20, 0x000001f2f7569bf8]
Event: 291.921 Thread 0x000001f2ff91d5e0 9453       1       tn.esprit.ruya.models.DataRowDTO::getAmount (5 bytes)
Event: 291.922 Thread 0x000001f2ff91d5e0 nmethod 9453 0x000001f2f7569690 code [0x000001f2f7569820, 0x000001f2f75698f8]
Event: 291.922 Thread 0x000001f2ff91d5e0 9454       1       tn.esprit.ruya.models.DataRowDTO::getStatus (5 bytes)
Event: 291.922 Thread 0x000001f2ff91d5e0 nmethod 9454 0x000001f2f7569390 code [0x000001f2f7569520, 0x000001f2f75695f8]
Event: 291.928 Thread 0x000001f2c7cafb70 nmethod 9443 0x000001f2f7568c10 code [0x000001f2f7568e20, 0x000001f2f7569188]
Event: 291.974 Thread 0x000001f2ce0bdd00 nmethod 9448 0x000001f2f7568810 code [0x000001f2f75689c0, 0x000001f2f7568af8]

GC Heap History (20 events):
Event: 28.185 GC heap before
{Heap before GC invocations=24 (full 0):
 garbage-first heap   total 58368K, used 45885K [0x0000000083600000, 0x0000000100000000)
  region size 1024K, 19 young (19456K), 3 survivors (3072K)
 Metaspace       used 71010K, committed 71616K, reserved 1114112K
  class space    used 10603K, committed 10880K, reserved 1048576K
}
Event: 28.187 GC heap after
{Heap after GC invocations=25 (full 0):
 garbage-first heap   total 58368K, used 32067K [0x0000000083600000, 0x0000000100000000)
  region size 1024K, 2 young (2048K), 2 survivors (2048K)
 Metaspace       used 71010K, committed 71616K, reserved 1114112K
  class space    used 10603K, committed 10880K, reserved 1048576K
}
Event: 28.228 GC heap before
{Heap before GC invocations=25 (full 0):
 garbage-first heap   total 58368K, used 47427K [0x0000000083600000, 0x0000000100000000)
  region size 1024K, 17 young (17408K), 2 survivors (2048K)
 Metaspace       used 71336K, committed 72000K, reserved 1114112K
  class space    used 10641K, committed 10944K, reserved 1048576K
}
Event: 28.229 GC heap after
{Heap after GC invocations=26 (full 0):
 garbage-first heap   total 58368K, used 32259K [0x0000000083600000, 0x0000000100000000)
  region size 1024K, 2 young (2048K), 2 survivors (2048K)
 Metaspace       used 71336K, committed 72000K, reserved 1114112K
  class space    used 10641K, committed 10944K, reserved 1048576K
}
Event: 28.325 GC heap before
{Heap before GC invocations=26 (full 0):
 garbage-first heap   total 58368K, used 47619K [0x0000000083600000, 0x0000000100000000)
  region size 1024K, 17 young (17408K), 2 survivors (2048K)
 Metaspace       used 72996K, committed 73664K, reserved 1114112K
  class space    used 11017K, committed 11328K, reserved 1048576K
}
Event: 28.327 GC heap after
{Heap after GC invocations=27 (full 0):
 garbage-first heap   total 58368K, used 33279K [0x0000000083600000, 0x0000000100000000)
  region size 1024K, 2 young (2048K), 2 survivors (2048K)
 Metaspace       used 72996K, committed 73664K, reserved 1114112K
  class space    used 11017K, committed 11328K, reserved 1048576K
}
Event: 28.346 GC heap before
{Heap before GC invocations=27 (full 0):
 garbage-first heap   total 58368K, used 47615K [0x0000000083600000, 0x0000000100000000)
  region size 1024K, 16 young (16384K), 2 survivors (2048K)
 Metaspace       used 73004K, committed 73664K, reserved 1114112K
  class space    used 11017K, committed 11328K, reserved 1048576K
}
Event: 28.348 GC heap after
{Heap after GC invocations=28 (full 0):
 garbage-first heap   total 116736K, used 33994K [0x0000000083600000, 0x0000000100000000)
  region size 1024K, 2 young (2048K), 2 survivors (2048K)
 Metaspace       used 73004K, committed 73664K, reserved 1114112K
  class space    used 11017K, committed 11328K, reserved 1048576K
}
Event: 28.587 GC heap before
{Heap before GC invocations=29 (full 0):
 garbage-first heap   total 116736K, used 92362K [0x0000000083600000, 0x0000000100000000)
  region size 1024K, 60 young (61440K), 2 survivors (2048K)
 Metaspace       used 75355K, committed 75968K, reserved 1114112K
  class space    used 11345K, committed 11648K, reserved 1048576K
}
Event: 28.589 GC heap after
{Heap after GC invocations=30 (full 0):
 garbage-first heap   total 116736K, used 34966K [0x0000000083600000, 0x0000000100000000)
  region size 1024K, 3 young (3072K), 3 survivors (3072K)
 Metaspace       used 75355K, committed 75968K, reserved 1114112K
  class space    used 11345K, committed 11648K, reserved 1048576K
}
Event: 28.689 GC heap before
{Heap before GC invocations=30 (full 0):
 garbage-first heap   total 116736K, used 94358K [0x0000000083600000, 0x0000000100000000)
  region size 1024K, 61 young (62464K), 3 survivors (3072K)
 Metaspace       used 75358K, committed 75968K, reserved 1114112K
  class space    used 11345K, committed 11648K, reserved 1048576K
}
Event: 28.691 GC heap after
{Heap after GC invocations=31 (full 0):
 garbage-first heap   total 116736K, used 35167K [0x0000000083600000, 0x0000000100000000)
  region size 1024K, 3 young (3072K), 3 survivors (3072K)
 Metaspace       used 75358K, committed 75968K, reserved 1114112K
  class space    used 11345K, committed 11648K, reserved 1048576K
}
Event: 29.341 GC heap before
{Heap before GC invocations=31 (full 0):
 garbage-first heap   total 116736K, used 96607K [0x0000000083600000, 0x0000000100000000)
  region size 1024K, 63 young (64512K), 3 survivors (3072K)
 Metaspace       used 79777K, committed 80448K, reserved 1179648K
  class space    used 12021K, committed 12352K, reserved 1048576K
}
Event: 29.348 GC heap after
{Heap after GC invocations=32 (full 0):
 garbage-first heap   total 116736K, used 40281K [0x0000000083600000, 0x0000000100000000)
  region size 1024K, 8 young (8192K), 8 survivors (8192K)
 Metaspace       used 79777K, committed 80448K, reserved 1179648K
  class space    used 12021K, committed 12352K, reserved 1048576K
}
Event: 29.439 GC heap before
{Heap before GC invocations=32 (full 0):
 garbage-first heap   total 116736K, used 94553K [0x0000000083600000, 0x0000000100000000)
  region size 1024K, 61 young (62464K), 8 survivors (8192K)
 Metaspace       used 79779K, committed 80448K, reserved 1179648K
  class space    used 12021K, committed 12352K, reserved 1048576K
}
Event: 29.443 GC heap after
{Heap after GC invocations=33 (full 0):
 garbage-first heap   total 116736K, used 42000K [0x0000000083600000, 0x0000000100000000)
  region size 1024K, 2 young (2048K), 2 survivors (2048K)
 Metaspace       used 79779K, committed 80448K, reserved 1179648K
  class space    used 12021K, committed 12352K, reserved 1048576K
}
Event: 29.657 GC heap before
{Heap before GC invocations=33 (full 0):
 garbage-first heap   total 116736K, used 95248K [0x0000000083600000, 0x0000000100000000)
  region size 1024K, 54 young (55296K), 2 survivors (2048K)
 Metaspace       used 80422K, committed 81024K, reserved 1179648K
  class space    used 12127K, committed 12416K, reserved 1048576K
}
Event: 29.659 GC heap after
{Heap after GC invocations=34 (full 0):
 garbage-first heap   total 116736K, used 42059K [0x0000000083600000, 0x0000000100000000)
  region size 1024K, 2 young (2048K), 2 survivors (2048K)
 Metaspace       used 80422K, committed 81024K, reserved 1179648K
  class space    used 12127K, committed 12416K, reserved 1048576K
}
Event: 246.521 GC heap before
{Heap before GC invocations=34 (full 0):
 garbage-first heap   total 116736K, used 95307K [0x0000000083600000, 0x0000000100000000)
  region size 1024K, 55 young (56320K), 2 survivors (2048K)
 Metaspace       used 85565K, committed 86272K, reserved 1179648K
  class space    used 12872K, committed 13184K, reserved 1048576K
}
Event: 246.618 GC heap after
{Heap after GC invocations=35 (full 0):
 garbage-first heap   total 116736K, used 43912K [0x0000000083600000, 0x0000000100000000)
  region size 1024K, 4 young (4096K), 4 survivors (4096K)
 Metaspace       used 85565K, committed 86272K, reserved 1179648K
  class space    used 12872K, committed 13184K, reserved 1048576K
}

Dll operation events (4 events):
Event: 0.042 Loaded shared library C:\Users\Cyrine\.jdks\jbr-17.0.14\bin\java.dll
Event: 0.062 Loaded shared library C:\Users\Cyrine\.jdks\jbr-17.0.14\bin\jsvml.dll
Event: 0.782 Loaded shared library C:\Users\Cyrine\.jdks\jbr-17.0.14\bin\zip.dll
Event: 8.851 Loaded shared library C:\Users\Cyrine\.jdks\jbr-17.0.14\bin\verify.dll

Deoptimization events (8 events):
Event: 6.558 Thread 0x000001f2c7643960 DEOPT PACKING pc=0x000001f2f7995134 sp=0x000000181b0fb210
Event: 6.558 Thread 0x000001f2c7643960 DEOPT UNPACKING pc=0x000001f2f71c7143 sp=0x000000181b0fa798 mode 0
Event: 6.558 Thread 0x000001f2c7643960 DEOPT PACKING pc=0x000001f2f7925aec sp=0x000000181b0fb3f0
Event: 6.558 Thread 0x000001f2c7643960 DEOPT UNPACKING pc=0x000001f2f71c7143 sp=0x000000181b0fa8b0 mode 0
Event: 7.100 Thread 0x000001f2c735d730 DEOPT PACKING pc=0x000001f2f72bd217 sp=0x000000181b5fefc0
Event: 7.100 Thread 0x000001f2c71ebdc0 DEOPT PACKING pc=0x000001f2f76ab601 sp=0x000000181b6fed30
Event: 7.100 Thread 0x000001f2c71ebdc0 DEOPT UNPACKING pc=0x000001f2f71c7143 sp=0x000000181b6fe1c8 mode 3
Event: 7.100 Thread 0x000001f2c735d730 DEOPT UNPACKING pc=0x000001f2f71c7143 sp=0x000000181b5fe418 mode 3

Classes loaded (20 events):
Event: 33.937 Loading class java/util/stream/LongStream
Event: 33.984 Loading class java/util/stream/LongStream done
Event: 33.984 Loading class java/util/stream/DoubleStream
Event: 33.999 Loading class java/util/stream/DoubleStream done
Event: 34.388 Loading class javax/management/remote/rmi/RMIConnectionImpl$6
Event: 34.389 Loading class javax/management/remote/rmi/RMIConnectionImpl$6 done
Event: 34.389 Loading class javax/management/remote/rmi/RMIConnectionImpl$7
Event: 34.389 Loading class javax/management/remote/rmi/RMIConnectionImpl$7 done
Event: 34.389 Loading class com/sun/jmx/remote/util/OrderClassLoaders
Event: 34.389 Loading class com/sun/jmx/remote/util/OrderClassLoaders done
Event: 34.389 Loading class javax/management/remote/rmi/RMIConnectionImpl$SetCcl
Event: 34.390 Loading class javax/management/remote/rmi/RMIConnectionImpl$SetCcl done
Event: 34.390 Loading class java/rmi/MarshalledObject$MarshalledObjectInputStream
Event: 34.390 Loading class java/rmi/MarshalledObject$MarshalledObjectInputStream done
Event: 223.874 Loading class java/util/concurrent/locks/ReentrantReadWriteLock$Sync$HoldCounter
Event: 223.928 Loading class java/util/concurrent/locks/ReentrantReadWriteLock$Sync$HoldCounter done
Event: 231.300 Loading class org/w3c/dom/Node
Event: 231.305 Loading class org/w3c/dom/Node done
Event: 231.305 Loading class org/w3c/dom/Document
Event: 231.312 Loading class org/w3c/dom/Document done

Classes unloaded (0 events):
No events

Classes redefined (0 events):
No events

Internal exceptions (20 events):
Event: 28.468 Thread 0x000001f2c7643960 Exception <a 'java/lang/reflect/InvocationTargetException'{0x0000000089d79200}> (0x0000000089d79200) 
thrown [s\src\hotspot\share\runtime\reflection.cpp, line 1134]
Event: 28.469 Thread 0x000001f2c7643960 Exception <a 'java/lang/reflect/InvocationTargetException'{0x0000000089d86120}> (0x0000000089d86120) 
thrown [s\src\hotspot\share\runtime\reflection.cpp, line 1134]
Event: 28.471 Thread 0x000001f2c7643960 Exception <a 'java/lang/reflect/InvocationTargetException'{0x0000000089da3540}> (0x0000000089da3540) 
thrown [s\src\hotspot\share\runtime\reflection.cpp, line 1134]
Event: 28.472 Thread 0x000001f2c7643960 Exception <a 'java/lang/reflect/InvocationTargetException'{0x0000000089db16a0}> (0x0000000089db16a0) 
thrown [s\src\hotspot\share\runtime\reflection.cpp, line 1134]
Event: 28.473 Thread 0x000001f2c7643960 Exception <a 'java/lang/reflect/InvocationTargetException'{0x0000000089dc0e68}> (0x0000000089dc0e68) 
thrown [s\src\hotspot\share\runtime\reflection.cpp, line 1134]
Event: 28.494 Thread 0x000001f2c7643960 Exception <a 'java/lang/reflect/InvocationTargetException'{0x0000000089acc338}> (0x0000000089acc338) 
thrown [s\src\hotspot\share\runtime\reflection.cpp, line 1134]
Event: 28.496 Thread 0x000001f2c7643960 Exception <a 'java/lang/reflect/InvocationTargetException'{0x0000000089ae1650}> (0x0000000089ae1650) 
thrown [s\src\hotspot\share\runtime\reflection.cpp, line 1134]
Event: 28.850 Thread 0x000001f2c7643960 Exception <a 'java/io/FileNotFoundException'{0x0000000088f87738}> (0x0000000088f87738) 
thrown [s\src\hotspot\share\prims\jni.cpp, line 531]
Event: 28.850 Thread 0x000001f2c7643960 Exception <a 'java/io/FileNotFoundException'{0x0000000088f92bb8}> (0x0000000088f92bb8) 
thrown [s\src\hotspot\share\prims\jni.cpp, line 531]
Event: 29.154 Thread 0x000001f2c7643960 Exception <a 'java/lang/IncompatibleClassChangeError'{0x0000000087a8c078}: Found class java.lang.Object, but interface was expected> (0x0000000087a8c078) 
thrown [s\src\hotspot\share\interpreter\linkResolver.cpp, line 838]
Event: 29.255 Thread 0x000001f2c7643960 Exception <a 'java/lang/NoSuchMethodError'{0x00000000873e72a8}: 'int java.lang.invoke.DirectMethodHandle$Holder.invokeStaticInit(java.lang.Object, java.lang.Object, java.lang.Object, java.lang.Object)'> (0x00000000873e72a8) 
thrown [s\src\hotspot\share\interpreter\linkResolver.cpp, line 771]
Event: 29.321 Thread 0x000001f2c7643960 Exception <a 'java/lang/IncompatibleClassChangeError'{0x0000000086ecd000}: Found class java.lang.Object, but interface was expected> (0x0000000086ecd000) 
thrown [s\src\hotspot\share\interpreter\linkResolver.cpp, line 838]
Event: 29.569 Thread 0x000001f2c7643960 Exception <a 'java/lang/NoSuchMethodError'{0x00000000878ec740}: 'java.lang.Object java.lang.invoke.Invokers$Holder.invoke_MT(java.lang.Object, java.lang.Object, java.lang.Object, java.lang.Object, java.lang.Object, java.lang.Object, java.lang.Object, java.lang.Object, java.lang.Object, java.lang.Object, java.lang.Object)'> (0x00000000878ec740) 
thrown [s\src\hotspot\share\interpreter\linkResolver.cpp, line 771]
Event: 29.758 Thread 0x000001f2c7643960 Exception <a 'java/lang/NoSuchMethodError'{0x000000008a55ca60}: 'java.lang.Object java.lang.invoke.DirectMethodHandle$Holder.newInvokeSpecial(java.lang.Object, java.lang.Object, int, java.lang.Object, java.lang.Object)'> (0x000000008a55ca60) 
thrown [s\src\hotspot\share\interpreter\linkResolver.cpp, line 771]
Event: 29.972 Thread 0x000001f2c7643960 Exception <a 'java/lang/NoSuchMethodError'{0x0000000089e47640}: 'java.lang.Object java.lang.invoke.DirectMethodHandle$Holder.invokeInterface(java.lang.Object, java.lang.Object, java.lang.Object, java.lang.Object)'> (0x0000000089e47640) 
thrown [s\src\hotspot\share\interpreter\linkResolver.cpp, line 771]
Event: 30.028 Thread 0x000001f2c7643960 Exception <a 'java/lang/IncompatibleClassChangeError'{0x0000000089ecc430}: Found class java.lang.Object, but interface was expected> (0x0000000089ecc430) 
thrown [s\src\hotspot\share\interpreter\linkResolver.cpp, line 838]
Event: 30.030 Thread 0x000001f2ce12d080 Exception <a 'java/lang/NoSuchMethodError'{0x000000008a0620e8}: 'java.lang.Object java.lang.invoke.DirectMethodHandle$Holder.invokeStaticInit(java.lang.Object, java.lang.Object, java.lang.Object, int, int)'> (0x000000008a0620e8) 
thrown [s\src\hotspot\share\interpreter\linkResolver.cpp, line 771]
Event: 30.719 Thread 0x000001f2c86da220 Exception <a 'java/lang/NoSuchMethodError'{0x0000000089ab7188}: 'java.lang.Object java.lang.invoke.DirectMethodHandle$Holder.invokeSpecial(java.lang.Object, java.lang.Object, java.lang.Object, java.lang.Object, java.lang.Object, long)'> (0x0000000089ab7188) 
thrown [s\src\hotspot\share\interpreter\linkResolver.cpp, line 771]
Event: 30.719 Thread 0x000001f2c86da220 Exception <a 'java/lang/NoSuchMethodError'{0x0000000089ababc8}: 'java.lang.Object java.lang.invoke.Invokers$Holder.linkToTargetMethod(java.lang.Object, java.lang.Object, java.lang.Object, long, java.lang.Object)'> (0x0000000089ababc8) 
thrown [s\src\hotspot\share\interpreter\linkResolver.cpp, line 771]
Event: 32.242 Thread 0x000001f2c86da220 Exception <a 'java/lang/NoSuchMethodError'{0x0000000089020720}: 'void java.lang.invoke.DirectMethodHandle$Holder.invokeSpecialIFC(java.lang.Object, java.lang.Object, int, java.lang.Object, java.lang.Object, java.lang.Object, java.lang.Object)'> (0x0000000089020720) 
thrown [s\src\hotspot\share\interpreter\linkResolver.cpp, line 771]

VM Operations (20 events):
Event: 231.135 Executing VM operation: HandshakeAllThreads
Event: 231.138 Executing VM operation: HandshakeAllThreads done
Event: 232.137 Executing VM operation: Cleanup
Event: 232.137 Executing VM operation: Cleanup done
Event: 240.238 Executing VM operation: HandshakeAllThreads
Event: 240.240 Executing VM operation: HandshakeAllThreads done
Event: 246.518 Executing VM operation: G1CollectForAllocation
Event: 246.618 Executing VM operation: G1CollectForAllocation done
Event: 253.688 Executing VM operation: Cleanup
Event: 253.689 Executing VM operation: Cleanup done
Event: 258.749 Executing VM operation: Cleanup
Event: 258.750 Executing VM operation: Cleanup done
Event: 267.851 Executing VM operation: Cleanup
Event: 267.851 Executing VM operation: Cleanup done
Event: 284.009 Executing VM operation: Cleanup
Event: 284.009 Executing VM operation: Cleanup done
Event: 289.055 Executing VM operation: Cleanup
Event: 289.055 Executing VM operation: Cleanup done
Event: 292.086 Executing VM operation: Cleanup
Event: 292.086 Executing VM operation: Cleanup done

Memory protections (0 events):
No events

Nmethod flushes (0 events):
No events

Events (20 events):
Event: 33.742 Thread 0x000001f2c8c0f7d0 Thread exited: 0x000001f2c8c0f7d0
Event: 34.394 Thread 0x000001f2ce132180 Thread exited: 0x000001f2ce132180
Event: 34.446 Thread 0x000001f2c86d92f0 Thread added: 0x000001f2ce132690
Event: 34.513 Thread 0x000001f2ce132690 Thread exited: 0x000001f2ce132690
Event: 47.424 Thread 0x000001f2c7cafb70 Thread exited: 0x000001f2c7cafb70
Event: 86.250 Thread 0x000001f2c86dac40 Thread exited: 0x000001f2c86dac40
Event: 112.291 Thread 0x000001f2c86d92f0 Thread exited: 0x000001f2c86d92f0
Event: 224.357 Thread 0x000001f2ce12fe10 Thread added: 0x000001f2ce132180
Event: 229.382 Thread 0x000001f2ce132180 Thread exited: 0x000001f2ce132180
Event: 229.758 Thread 0x000001f2ff91d5e0 Thread added: 0x000001f2c991ed40
Event: 236.676 Thread 0x000001f2c991ed40 Thread exited: 0x000001f2c991ed40
Event: 258.595 Thread 0x000001f2ff91d5e0 Thread added: 0x000001f2c991ed40
Event: 258.625 Thread 0x000001f2ff91d5e0 Thread added: 0x000001f2c7cafb70
Event: 263.684 Thread 0x000001f2c7cafb70 Thread exited: 0x000001f2c7cafb70
Event: 265.536 Thread 0x000001f2c991ed40 Thread exited: 0x000001f2c991ed40
Event: 288.557 Thread 0x000001f2ff91d5e0 Thread added: 0x000001f2c7cafb70
Event: 291.194 Thread 0x000001f2c7cafb70 Thread exited: 0x000001f2c7cafb70
Event: 291.202 Thread 0x000001f2ff91d5e0 Thread added: 0x000001f2c7cafb70
Event: 291.286 Thread 0x000001f2c7cafb70 Thread added: 0x000001f2ce17d870
Event: 291.286 Thread 0x000001f2c7cafb70 Thread added: 0x000001f2ce0bdd00


Dynamic libraries:
0x00007ff70eee0000 - 0x00007ff70eeea000 	C:\Users\Cyrine\.jdks\jbr-17.0.14\bin\java.exe
0x00007ffb0d580000 - 0x00007ffb0d7e8000 	C:\WINDOWS\SYSTEM32\ntdll.dll
0x00007ffb0c570000 - 0x00007ffb0c639000 	C:\WINDOWS\System32\KERNEL32.DLL
0x00007ffb0a790000 - 0x00007ffb0ab88000 	C:\WINDOWS\System32\KERNELBASE.dll
0x00007ffb0abc0000 - 0x00007ffb0ad0b000 	C:\WINDOWS\System32\ucrtbase.dll
0x00007ffafd880000 - 0x00007ffafd897000 	C:\Users\Cyrine\.jdks\jbr-17.0.14\bin\jli.dll
0x00007ffb02c60000 - 0x00007ffb02c7b000 	C:\Users\Cyrine\.jdks\jbr-17.0.14\bin\VCRUNTIME140.dll
0x00007ffb0bb80000 - 0x00007ffb0bd47000 	C:\WINDOWS\System32\USER32.dll
0x00007ffb0ab90000 - 0x00007ffb0abb7000 	C:\WINDOWS\System32\win32u.dll
0x00007ffb0bb50000 - 0x00007ffb0bb7b000 	C:\WINDOWS\System32\GDI32.dll
0x00007ffb0b000000 - 0x00007ffb0b12c000 	C:\WINDOWS\System32\gdi32full.dll
0x00007ffb0b270000 - 0x00007ffb0b313000 	C:\WINDOWS\System32\msvcp_win.dll
0x00007ffaef880000 - 0x00007ffaefb14000 	C:\WINDOWS\WinSxS\amd64_microsoft.windows.common-controls_6595b64144ccf1df_6.0.26100.7019_none_3e06ffa0e335b8a8\COMCTL32.dll
0x00007ffb0d490000 - 0x00007ffb0d539000 	C:\WINDOWS\System32\msvcrt.dll
0x00007ffb0cf20000 - 0x00007ffb0cf51000 	C:\WINDOWS\System32\IMM32.DLL
0x00000000755a0000 - 0x00000000755ac000 	C:\Program Files (x86)\360\Total Security\safemon\SafeWrapper.dll
0x00007ffb0d110000 - 0x00007ffb0d1c4000 	C:\WINDOWS\System32\ADVAPI32.dll
0x00007ffb0cfd0000 - 0x00007ffb0d076000 	C:\WINDOWS\System32\sechost.dll
0x00007ffb0cdf0000 - 0x00007ffb0cf08000 	C:\WINDOWS\System32\RPCRT4.dll
0x00007ffa481b0000 - 0x00007ffa4825c000 	C:\Program Files (x86)\360\Total Security\safemon\libzdtp64.dll
0x00007ffb0c640000 - 0x00007ffb0cd8f000 	C:\WINDOWS\System32\SHELL32.dll
0x00007ffb0ae90000 - 0x00007ffb0affb000 	C:\WINDOWS\System32\wintypes.dll
0x00007ffb0c1e0000 - 0x00007ffb0c56b000 	C:\WINDOWS\System32\combase.dll
0x00007ffb0b5a0000 - 0x00007ffb0b607000 	C:\WINDOWS\System32\SHLWAPI.dll
0x00007ffb09fc0000 - 0x00007ffb09fcb000 	C:\WINDOWS\SYSTEM32\VERSION.dll
0x00007ffb05230000 - 0x00007ffb0523c000 	C:\Users\Cyrine\.jdks\jbr-17.0.14\bin\vcruntime140_1.dll
0x00007ffad50c0000 - 0x00007ffad514d000 	C:\Users\Cyrine\.jdks\jbr-17.0.14\bin\msvcp140.dll
0x00007ffa6dfd0000 - 0x00007ffa6ec5e000 	C:\Users\Cyrine\.jdks\jbr-17.0.14\bin\server\jvm.dll
0x00007ffb0d350000 - 0x00007ffb0d3c4000 	C:\WINDOWS\System32\WS2_32.dll
0x00007ffb0a530000 - 0x00007ffb0a58e000 	C:\WINDOWS\SYSTEM32\POWRPROF.dll
0x00007ffaf5a70000 - 0x00007ffaf5aa5000 	C:\WINDOWS\SYSTEM32\WINMM.dll
0x00007ffb0a510000 - 0x00007ffb0a524000 	C:\WINDOWS\SYSTEM32\UMPDC.dll
0x00007ffb09420000 - 0x00007ffb0943b000 	C:\WINDOWS\SYSTEM32\kernel.appcore.dll
0x00007ffb05160000 - 0x00007ffb0516a000 	C:\Users\Cyrine\.jdks\jbr-17.0.14\bin\jimage.dll
0x00007ffb07d20000 - 0x00007ffb07f62000 	C:\WINDOWS\SYSTEM32\DBGHELP.DLL
0x00007ffb0b4c0000 - 0x00007ffb0b597000 	C:\WINDOWS\System32\OLEAUT32.dll
0x00007ffaec650000 - 0x00007ffaec68c000 	C:\WINDOWS\SYSTEM32\dbgcore.DLL
0x00007ffb0b1c0000 - 0x00007ffb0b265000 	C:\WINDOWS\System32\bcryptPrimitives.dll
0x00007ffb03320000 - 0x00007ffb0332e000 	C:\Users\Cyrine\.jdks\jbr-17.0.14\bin\instrument.dll
0x00007ffaf1330000 - 0x00007ffaf1355000 	C:\Users\Cyrine\.jdks\jbr-17.0.14\bin\java.dll
0x00007ffad4fe0000 - 0x00007ffad50b7000 	C:\Users\Cyrine\.jdks\jbr-17.0.14\bin\jsvml.dll
0x00007ffb082c0000 - 0x00007ffb08b1d000 	C:\WINDOWS\SYSTEM32\windows.storage.dll
0x00007ffb0b6f0000 - 0x00007ffb0b7e2000 	C:\WINDOWS\System32\SHCORE.dll
0x00007ffb0a5f0000 - 0x00007ffb0a619000 	C:\WINDOWS\SYSTEM32\profapi.dll
0x00007ffaf1220000 - 0x00007ffaf1238000 	C:\Users\Cyrine\.jdks\jbr-17.0.14\bin\zip.dll
0x00007ffae77d0000 - 0x00007ffae77e9000 	C:\Users\Cyrine\.jdks\jbr-17.0.14\bin\net.dll
0x00007ffafd360000 - 0x00007ffafd488000 	C:\WINDOWS\SYSTEM32\WINHTTP.dll
0x00007ffb09990000 - 0x00007ffb099fb000 	C:\WINDOWS\system32\mswsock.dll
0x00007ffadfc50000 - 0x00007ffadfc66000 	C:\Users\Cyrine\.jdks\jbr-17.0.14\bin\nio.dll
0x00007ffae7870000 - 0x00007ffae788a000 	C:\Program Files\JetBrains\IntelliJ IDEA 2024.2.1\bin\breakgen64.dll
0x00007ffb08f20000 - 0x00007ffb0904c000 	C:\WINDOWS\SYSTEM32\DNSAPI.dll
0x00007ffb08e80000 - 0x00007ffb08eb4000 	C:\WINDOWS\SYSTEM32\IPHLPAPI.DLL
0x00007ffb0cf10000 - 0x00007ffb0cf1a000 	C:\WINDOWS\System32\NSI.dll
0x00007ffb032f0000 - 0x00007ffb032f9000 	C:\Users\Cyrine\.jdks\jbr-17.0.14\bin\extnet.dll
0x00007ffafba90000 - 0x00007ffafba9b000 	C:\Windows\System32\rasadhlp.dll
0x00007ffafcc80000 - 0x00007ffafcd06000 	C:\WINDOWS\System32\fwpuclnt.dll
0x00007ffb05180000 - 0x00007ffb05189000 	C:\Users\Cyrine\.jdks\jbr-17.0.14\bin\management.dll
0x00007ffb05170000 - 0x00007ffb0517b000 	C:\Users\Cyrine\.jdks\jbr-17.0.14\bin\management_ext.dll
0x00007ffb0d340000 - 0x00007ffb0d348000 	C:\WINDOWS\System32\PSAPI.DLL
0x00007ffb09c60000 - 0x00007ffb09c7b000 	C:\WINDOWS\SYSTEM32\CRYPTSP.dll
0x00007ffb09380000 - 0x00007ffb093ba000 	C:\WINDOWS\system32\rsaenh.dll
0x00007ffb09a40000 - 0x00007ffb09a6b000 	C:\WINDOWS\SYSTEM32\USERENV.dll
0x00007ffb0a5c0000 - 0x00007ffb0a5ea000 	C:\WINDOWS\SYSTEM32\bcrypt.dll
0x00007ffb09c50000 - 0x00007ffb09c5c000 	C:\WINDOWS\SYSTEM32\CRYPTBASE.dll
0x00007ffafdbf0000 - 0x00007ffafdc0e000 	C:\WINDOWS\SYSTEM32\dhcpcsvc6.DLL
0x00007ffafd080000 - 0x00007ffafd0a3000 	C:\WINDOWS\SYSTEM32\dhcpcsvc.DLL
0x00007ffae01d0000 - 0x00007ffae01e8000 	C:\WINDOWS\system32\napinsp.dll
0x00007ffae01b0000 - 0x00007ffae01c2000 	C:\WINDOWS\System32\winrnr.dll
0x00007ffae0180000 - 0x00007ffae01a2000 	C:\WINDOWS\system32\nlansp_c.dll
0x00007ffae0160000 - 0x00007ffae0176000 	C:\WINDOWS\system32\wshbth.dll
0x00007ffb03330000 - 0x00007ffb0333e000 	C:\Users\Cyrine\.jdks\jbr-17.0.14\bin\sunmscapi.dll
0x00007ffb0ad10000 - 0x00007ffb0ae87000 	C:\WINDOWS\System32\CRYPT32.dll
0x00007ffb09e70000 - 0x00007ffb09ea0000 	C:\WINDOWS\SYSTEM32\ncrypt.dll
0x00007ffb09e20000 - 0x00007ffb09e5f000 	C:\WINDOWS\SYSTEM32\NTASN1.dll
0x00007ffaf1210000 - 0x00007ffaf1220000 	C:\Users\Cyrine\.jdks\jbr-17.0.14\bin\verify.dll
0x00007ffab4200000 - 0x00007ffab4208000 	C:\WINDOWS\system32\wshunix.dll

dbghelp: loaded successfully - version: 4.0.5 - missing functions: none
symbol engine: initialized successfully - sym options: 0x614 - pdb path: .;C:\Users\Cyrine\.jdks\jbr-17.0.14\bin;C:\WINDOWS\SYSTEM32;C:\WINDOWS\WinSxS\amd64_microsoft.windows.common-controls_6595b64144ccf1df_6.0.26100.7019_none_3e06ffa0e335b8a8;C:\Program Files (x86)\360\Total Security\safemon;C:\Users\Cyrine\.jdks\jbr-17.0.14\bin\server;C:\Program Files\JetBrains\IntelliJ IDEA 2024.2.1\bin

VM Arguments:
jvm_args: -XX:TieredStopAtLevel=1 -Dspring.output.ansi.enabled=always -Dcom.sun.management.jmxremote -Dspring.jmx.enabled=true -Dspring.liveBeansView.mbeanDomain -Dspring.application.admin.enabled=true -Dmanagement.endpoints.jmx.exposure.include=* -javaagent:C:\Program Files\JetBrains\IntelliJ IDEA 2024.2.1\lib\idea_rt.jar=55942:C:\Program Files\JetBrains\IntelliJ IDEA 2024.2.1\bin -Dfile.encoding=UTF-8 
java_command: tn.esprit.ruya.RUyaApplication
java_class_path (initial): C:\Users\Cyrine\Desktop\projet attijarii\RUya-mainF\RUya-main\RUya\RUya\target\classes;C:\Users\Cyrine\.m2\repository\org\springframework\boot\spring-boot-starter-web\3.5.3\spring-boot-starter-web-3.5.3.jar;C:\Users\Cyrine\.m2\repository\org\springframework\boot\spring-boot-starter\3.5.3\spring-boot-starter-3.5.3.jar;C:\Users\Cyrine\.m2\repository\org\springframework\boot\spring-boot-starter-logging\3.5.3\spring-boot-starter-logging-3.5.3.jar;C:\Users\Cyrine\.m2\repository\ch\qos\logback\logback-classic\1.5.18\logback-classic-1.5.18.jar;C:\Users\Cyrine\.m2\repository\ch\qos\logback\logback-core\1.5.18\logback-core-1.5.18.jar;C:\Users\Cyrine\.m2\repository\org\apache\logging\log4j\log4j-to-slf4j\2.24.3\log4j-to-slf4j-2.24.3.jar;C:\Users\Cyrine\.m2\repository\org\apache\logging\log4j\log4j-api\2.24.3\log4j-api-2.24.3.jar;C:\Users\Cyrine\.m2\repository\org\slf4j\jul-to-slf4j\2.0.17\jul-to-slf4j-2.0.17.jar;C:\Users\Cyrine\.m2\repository\jakarta\annotation\jakarta.annotation-api\2.1.1\jakarta.annotation-api-2.1.1.jar;C:\Users\Cyrine\.m2\repository\org\yaml\snakeyaml\2.4\snakeyaml-2.4.jar;C:\Users\Cyrine\.m2\repository\org\springframework\boot\spring-boot-starter-json\3.5.3\spring-boot-starter-json-3.5.3.jar;C:\Users\Cyrine\.m2\repository\com\fasterxml\jackson\core\jackson-databind\2.19.1\jackson-databind-2.19.1.jar;C:\Users\Cyrine\.m2\repository\com\fasterxml\jackson\core\jackson-annotations\2.19.1\jackson-annotations-2.19.1.jar;C:\Users\Cyrine\.m2\repository\com\fasterxml\jackson\core\jackson-core\2.19.1\jackson-core-2.19.1.jar;C:\Users\Cyrine\.m2\repository\com\fasterxml\jackson\datatype\jackson-datatype-jdk8\2.19.1\jackson-datatype-jdk8-2.19.1.jar;C:\Users\Cyrine\.m2\repository\com\fasterxml\jackson\datatype\jackson-datatype-jsr310\2.19.1\jackson-datatype-jsr310-2.19.1.jar;C:\Users\Cyrine\.m2\repository\com\fasterxml\jackson\module\jackson-module-parameter-names\2.19.1\jackson-module-parameter-names-2.19.1.jar;C:\Users\Cyrine\.m2\repositor
Launcher Type: SUN_STANDARD

[Global flags]
     intx CICompilerCount                          = 4                                         {product} {ergonomic}
     uint ConcGCThreads                            = 2                                         {product} {ergonomic}
     uint G1ConcRefinementThreads                  = 8                                         {product} {ergonomic}
   size_t G1HeapRegionSize                         = 1048576                                   {product} {ergonomic}
    uintx GCDrainStackTargetSize                   = 64                                        {product} {ergonomic}
   size_t InitialHeapSize                          = 132120576                                 {product} {ergonomic}
     bool ManagementServer                         = true                                      {product} {command line}
   size_t MarkStackSize                            = 4194304                                   {product} {ergonomic}
   size_t MaxHeapSize                              = 2090860544                                {product} {ergonomic}
   size_t MaxNewSize                               = 1254096896                                {product} {ergonomic}
   size_t MinHeapDeltaBytes                        = 1048576                                   {product} {ergonomic}
   size_t MinHeapSize                              = 8388608                                   {product} {ergonomic}
    uintx NonProfiledCodeHeapSize                  = 0                                      {pd product} {ergonomic}
     bool ProfileInterpreter                       = false                                  {pd product} {command line}
    uintx ProfiledCodeHeapSize                     = 0                                      {pd product} {ergonomic}
   size_t SoftMaxHeapSize                          = 2090860544                             {manageable} {ergonomic}
     intx TieredStopAtLevel                        = 1                                         {product} {command line}
     bool UseCompressedClassPointers               = true                           {product lp64_product} {ergonomic}
     bool UseCompressedOops                        = true                           {product lp64_product} {ergonomic}
     bool UseG1GC                                  = true                                      {product} {ergonomic}
     bool UseLargePagesIndividualAllocation        = false                                  {pd product} {ergonomic}

Logging:
Log output configuration:
 #0: stdout all=warning uptime,level,tags
 #1: stderr all=off uptime,level,tags

Environment Variables:
JAVA_HOME=C:\Users\Cyrine\AppData\Local\Android\Sdk
PATH=C:\Program Files (x86)\VMware\VMware Workstation\bin\;C:\Program Files\nodejs;C:\Program Files\cursor\resources\app\bin;C:\Program Files\Microsoft SQL Server\150\Tools\Binn\;C:\Program Files\Microsoft SQL Server\Client SDK\ODBC\170\Tools\Binn\;C:\Program Files\dotnet\;C:\Program Files\Git\cmd; C:\Program Files\MongoDB\Server\4.0\bin;C:\Users\Cyrine\AppData\Local\Programs\Microsoft VS Code\bin;C:\Program Files\JetBrains\IntelliJ IDEA 2024.2.1\bin;
USERNAME=Cyrine
OS=Windows_NT
PROCESSOR_IDENTIFIER=Intel64 Family 6 Model 165 Stepping 2, GenuineIntel
TMP=C:\Users\Cyrine\AppData\Local\Temp
TEMP=C:\Users\Cyrine\AppData\Local\Temp



Periodic native trim disabled

JNI global refs:
JNI global refs: 18, weak refs: 0

JNI global refs memory usage: 843, weak refs: 841

Process memory usage:
Resident Set Size: 124784K (1% of 8159348K total physical memory with 701980K free physical memory)

OOME stack traces (most recent first):
Classloader memory used:
Loader jdk.internal.loader.ClassLoaders$AppClassLoader                                 : 9199K
Loader bootstrap                                                                       : 1245K
Loader org.springframework.boot.devtools.restart.classloader.RestartClassLoader        : 143K
Loader jdk.internal.loader.ClassLoaders$PlatformClassLoader                            : 68587B
Loader jdk.internal.reflect.DelegatingClassLoader                                      : 42658B
Loader sun.reflect.misc.MethodUtil                                                     : 373B
Loader net.bytebuddy.utility.dispatcher.JavaDispatcher$DynamicClassLoader              : 231B

Classes loaded by more than one classloader:
Class tn.esprit.ruya.RUyaApplication                                                  : loaded 2 times (x 69B)


---------------  S Y S T E M  ---------------

OS:
 Windows 11 , 64 bit Build 26100 (10.0.26100.7019)
OS uptime: 5 days 5:16 hours

CPU: total 8 (initial active 8) (4 cores per cpu, 2 threads per core) family 6 model 165 stepping 2 microcode 0xf0, cx8, cmov, fxsr, ht, mmx, 3dnowpref, sse, sse2, sse3, ssse3, sse4.1, sse4.2, popcnt, lzcnt, tsc, tscinvbit, avx, avx2, aes, erms, clmul, bmi1, bmi2, adx, fma, vzeroupper, clflush, clflushopt
Processor Information for all 8 processors :
  Max Mhz: 2496, Current Mhz: 2496, Mhz Limit: 2496

Memory: 4k page, system-wide physical 7968M (680M free)
TotalPageFile size 32544M (AvailPageFile size 996M)
current process WorkingSet (physical memory assigned to process): 138M, peak: 291M
current process commit charge ("private bytes"): 377M, peak: 377M

vm_info: OpenJDK 64-Bit Server VM (17.0.14+1-b1367.22) for windows-amd64 JRE (17.0.14+1-b1367.22), built on 2025-01-30 by "builduser" with MS VC++ 16.10 / 16.11 (VS2019)

END.
